0.552085	5.548085	-1.916189	-3.079811
0.926595	5.509637	-1.497412	-3.085630
1.178506	5.466862	-1.193814	-3.094541
1.345453	5.421290	-0.970309	-3.105528
1.452753	5.373982	-0.803346	-3.117883
1.517691	5.325677	-0.676877	-3.131109
1.552241	5.276899	-0.579806	-3.144851
1.564803	5.228021	-0.504362	-3.158855
1.561346	5.179312	-0.445029	-3.172937
1.546163	5.130966	-0.397841	-3.186962
1.522378	5.083123	-0.359915	-3.200830
1.492285	5.035885	-0.329129	-3.214471
1.457590	4.989323	-0.303903	-3.227831
1.419570	4.943491	-0.283050	-3.240871
1.379192	4.898422	-0.265665	-3.253564
1.337193	4.854140	-0.251058	-3.265889
1.294136	4.810661	-0.238690	-3.277835
1.250457	4.767990	-0.228143	-3.289391
1.206493	4.726132	-0.219085	-3.300553
1.162506	4.685082	-0.211256	-3.311320
1.118701	4.644837	-0.204445	-3.321691
1.075235	4.605389	-0.198485	-3.331669
1.032233	4.566728	-0.193239	-3.341256
0.989790	4.528843	-0.188596	-3.350457
0.947978	4.491723	-0.184466	-3.359278
0.906855	4.455353	-0.180774	-3.367724
0.866461	4.419722	-0.177460	-3.375801
0.826828	4.384815	-0.174471	-3.383516
0.787976	4.350617	-0.171765	-3.390876
0.749919	4.317116	-0.169308	-3.397889
0.712666	4.284295	-0.167069	-3.404560
0.676220	4.252142	-0.165024	-3.410898
0.640581	4.220642	-0.163152	-3.416909
0.605746	4.189781	-0.161433	-3.422601
0.571708	4.159544	-0.159854	-3.427982
0.538459	4.129918	-0.158401	-3.433058
0.505991	4.100890	-0.157063	-3.437836
0.474292	4.072445	-0.155830	-3.442323
0.443350	4.044572	-0.154694	-3.446527
0.413154	4.017257	-0.153648	-3.450454
0.383691	3.990487	-0.152684	-3.454111
0.354947	3.964250	-0.151799	-3.457504
0.326909	3.938534	-0.150985	-3.460640
0.299562	3.913327	-0.150240	-3.463525
0.272893	3.888618	-0.149560	-3.466165
0.246889	3.864396	-0.148940	-3.468567
0.221535	3.840648	-0.148378	-3.470736
0.196817	3.817366	-0.147871	-3.472678
0.172723	3.794537	-0.147416	-3.474399
0.149238	3.772153	-0.147011	-3.475904
0.126349	3.750202	-0.146654	-3.477199
0.104043	3.728676	-0.146343	-3.478290
0.082308	3.707565	-0.146076	-3.479181
0.061130	3.686859	-0.145852	-3.479877
0.040497	3.666549	-0.145668	-3.480384
0.020397	3.646628	-0.145524	-3.480706
0.000818	3.627085	-0.145419	-3.480849
-0.018253	3.607914	-0.145350	-3.480816
-0.036825	3.589105	-0.145317	-3.480613
-0.054911	3.570652	-0.145319	-3.480244
-0.072522	3.552545	-0.145354	-3.479713
-0.089669	3.534778	-0.145423	-3.479024
-0.106361	3.517344	-0.145523	-3.478182
-0.122610	3.500235	-0.145654	-3.477191
-0.138425	3.483445	-0.145815	-3.476055
-0.153816	3.466966	-0.146006	-3.474777
-0.168794	3.450792	-0.146225	-3.473361
-0.183366	3.434917	-0.146472	-3.471811
-0.197543	3.419335	-0.146747	-3.470131
-0.211334	3.404039	-0.147049	-3.468325
-0.224747	3.389024	-0.147376	-3.466395
-0.237790	3.374284	-0.147729	-3.464344
-0.250472	3.359813	-0.148108	-3.462178
-0.262802	3.345606	-0.148510	-3.459898
-0.274787	3.331657	-0.148937	-3.457508
-0.286435	3.317962	-0.149387	-3.455010
-0.297754	3.304515	-0.149861	-3.452408
-0.308751	3.291312	-0.150357	-3.449706
-0.319433	3.278347	-0.150875	-3.446905
-0.329807	3.265616	-0.151415	-3.444008
-0.339880	3.253115	-0.151977	-3.441019
-0.349660	3.240839	-0.152559	-3.437939
-0.359152	3.228783	-0.153163	-3.434772
-0.368363	3.216945	-0.153787	-3.431521
-0.377299	3.205318	-0.154431	-3.428187
-0.385967	3.193901	-0.155095	-3.424773
-0.394372	3.182688	-0.155778	-3.421282
-0.402520	3.171676	-0.156480	-3.417715
-0.410417	3.160861	-0.157202	-3.414076
-0.418069	3.150240	-0.157942	-3.410366
-0.425480	3.139808	-0.158700	-3.406588
-0.432657	3.129564	-0.159477	-3.402744
-0.439604	3.119503	-0.160271	-3.398835
-0.446326	3.109622	-0.161083	-3.394865
-0.452829	3.099918	-0.161913	-3.390834
-0.459117	3.090388	-0.162760	-3.386746
-0.465195	3.081029	-0.163623	-3.382601
-0.471068	3.071838	-0.164504	-3.378402
-0.476740	3.062811	-0.165401	-3.374151
-0.482215	3.053948	-0.166314	-3.369848
-0.318618	3.125532	-0.168298	-3.275852
-0.160249	3.196209	-0.173143	-3.183316
-0.006619	3.266099	-0.180522	-3.092196
0.142625	3.335312	-0.190238	-3.002449
0.287738	3.403953	-0.202178	-2.914037
0.428910	3.472123	-0.216290	-2.826923
0.566276	3.539916	-0.232569	-2.741071
0.699937	3.607426	-0.251041	-2.656448
0.829961	3.674739	-0.271758	-2.573020
0.956394	3.741942	-0.294793	-2.490755
1.079262	3.809118	-0.320234	-2.409621
1.198575	3.876347	-0.348187	-2.329585
1.314326	3.943709	-0.378767	-2.250616
1.426498	4.011281	-0.412102	-2.172681
1.535061	4.079139	-0.448330	-2.095748
1.639976	4.147359	-0.487598	-2.019785
1.741192	4.216014	-0.530064	-1.944758
1.838649	4.285179	-0.575895	-1.870635
1.932280	4.354926	-0.625266	-1.797381
2.022006	4.425330	-0.678363	-1.724961
2.107742	4.496465	-0.735381	-1.653341
2.189392	4.568403	-0.796527	-1.582484
2.266852	4.641221	-0.862015	-1.512354
2.340009	4.714995	-0.932074	-1.442912
2.408740	4.789801	-1.006942	-1.374119
2.472911	4.865718	-1.086872	-1.305935
2.532379	4.942828	-1.172129	-1.238320
2.586987	5.021212	-1.262995	-1.171229
2.636570	5.100957	-1.359767	-1.104620
2.680944	5.182151	-1.462760	-1.038447
2.719914	5.264885	-1.572308	-0.972662
2.753269	5.349255	-1.688770	-0.907216
2.780776	5.435360	-1.812525	-0.842059
2.802188	5.523305	-1.943981	-0.777136
2.817230	5.613199	-2.083575	-0.712394
2.825608	5.705157	-2.231777	-0.647773
2.826996	5.799302	-2.389093	-0.583213
2.821040	5.895761	-2.556071	-0.518651
2.807349	5.994673	-2.733304	-0.454020
2.785494	6.096181	-2.921438	-0.389249
2.755003	6.200443	-3.121177	-0.324264
2.715352	6.307625	-3.333288	-0.258985
2.665962	6.417905	-3.558613	-0.193330
2.606189	6.531476	-3.798077	-0.127210
2.535318	6.648546	-4.052699	-0.060529
2.452548	6.769338	-4.323604	0.006813
2.356985	6.894097	-4.612039	0.074927
2.247627	7.023088	-4.919389	0.143928
2.123348	7.156600	-5.247196	0.213944
1.982877	7.294947	-5.597181	0.285111
1.824781	7.438479	-5.971275	0.357577
1.647434	7.587574	-6.371645	0.431505
1.448992	7.742655	-6.800735	0.507072
1.227352	7.904187	-7.261306	0.584471
0.980112	8.072686	-7.756490	0.663917
0.704521	8.248729	-8.289852	0.745644
0.397412	8.432959	-8.865462	0.829915
0.055135	8.626098	-9.487983	0.917020
-0.326538	8.828960	-10.162783	1.007285
-0.752522	9.042462	-10.896058	1.101073
-1.228551	9.267649	-11.694995	1.198795
-1.761342	9.505708	-12.567965	1.300915
-2.358804	9.758001	-13.524763	1.407958
-3.030284	10.026094	-14.576904	1.520526
-3.786889	10.311797	-15.737993	1.639306
-4.641885	10.617216	-17.024192	1.765092
-5.611196	10.944810	-18.454804	1.898799
-6.714053	11.297473	-20.053019	2.041494
-7.973815	11.678630	-21.846869	2.194425
-9.419035	12.092361	-23.870456	2.359060
-11.084840	12.543566	-26.165542	2.537136
-13.014744	13.038169	-28.783637	2.730725
-15.263020	13.583398	-31.788727	2.942308
-17.897860	14.188150	-35.260893	3.174883
-21.005554	14.863475	-39.301126	3.432097
-24.696084	15.623245	-44.037748	3.718418
-29.110589	16.485065	-49.635018	4.039364
-34.431296	17.471534	-56.304632	4.401802
-40.894618	18.612029	-64.320989	4.814343
-48.808040	19.945231	-74.041133	5.287862
-58.570944	21.522774	-85.929897	5.836179
-70.697943	23.414529	-100.589404	6.476932
-85.839150	25.716336	-118.788146	7.232660
-104.781874	28.561272	-141.475188	8.132042
-128.395821	32.135906	-169.742789	9.211062
-157.436317	36.702864	-204.652630	10.513448
-192.030108	42.629506	-246.748435	12.088821
-230.551099	50.416474	-294.952716	13.985143
-267.659388	60.703767	-344.592571	16.229417
-292.235119	74.201347	-385.226283	18.789817
-288.533033	91.466746	-401.523266	21.523487
-245.456014	112.521731	-382.126868	24.149123
-170.734205	136.562734	-333.614301	26.317363
-91.511723	162.231776	-281.534564	27.791064
-32.803132	188.433596	-249.820544	28.583816
0.198613	214.856739	-243.556420	28.898294
16.158548	241.704690	-254.497977	28.951834
24.228732	269.194303	-273.844794	28.879223
29.249858	297.360680	-296.851757	28.740935
33.059123	326.101619	-321.602789	28.560292
36.272889	355.253302	-347.327212	28.346799
39.113363	384.630808	-373.622744	28.105299
41.676452	414.044400	-400.206865	27.838916
44.010603	443.306597	-426.846009	27.550015
46.142887	472.236238	-453.333926	27.240575
48.089698	500.661375	-479.484032	26.912355
49.861958	528.421462	-505.126489	26.566985
51.467859	555.368976	-530.107121	26.206004
52.914377	581.370567	-554.287073	25.830883
54.208085	606.307757	-577.542706	25.443035
55.355589	630.077262	-599.765488	25.043815
56.363721	652.590974	-620.861774	24.634521
57.239611	673.775657	-640.752437	24.216390
57.990674	693.572413	-659.372334	23.790595
58.624563	711.935953	-676.669633	23.358243
59.149090	728.833733	-692.605016	22.920373
59.572154	744.244994	-707.150794	22.477955
59.901657	758.159727	-720.289954	22.031885
60.145435	770.577619	-732.015176	21.582992
60.311188	781.506990	-742.327834	21.132032
60.406426	790.963744	-751.237013	20.679695
60.438422	798.970368	-758.758547	20.226601
60.414172	805.554964	-764.914099	19.773308
60.340371	810.750356	-769.730294	19.320309
60.223389	814.593253	-773.237904	18.868040
60.069264	817.123485	-775.471097	18.416877
59.883697	818.383306	-776.466753	17.967145
59.672061	818.416774	-776.263829	17.519116
59.439410	817.269188	-774.902795	17.073017
59.190508	814.986594	-772.425114	16.629028
58.929855	811.615348	-768.872780	16.187287
58.661726	807.201723	-764.287888	15.747891
58.390231	801.791568	-758.712238	15.310901
58.119367	795.429993	-752.186964	14.876339
57.853100	788.161085	-744.752176	14.444191
57.595449	780.027640	-736.446600	14.014409
57.350593	771.070900	-727.307215	13.586908
57.122987	761.330288	-717.368865	13.161564
56.917497	750.843129	-706.663844	12.738212
56.739551	739.644354	-695.221446	12.316643
56.595301	727.766165	-683.067462	11.896598
56.491802	715.237670	-670.223629	11.477761
56.437196	702.084477	-656.707029	11.059748
56.440912	688.328233	-642.529425	10.642104
56.513853	673.986127	-627.696555	10.224281
56.668598	659.070345	-612.207381	9.805634
56.919582	643.587494	-596.053312	9.385400
57.283257	627.537995	-579.217418	8.962681
57.778233	610.915472	-561.673666	8.536428
58.425349	593.706160	-543.386230	8.105419
59.247670	575.888361	-524.308933	7.668241
60.270330	557.432003	-504.384943	7.223269
61.520147	538.298378	-483.546878	6.768648
63.024859	518.440166	-461.717583	6.302277
64.811768	497.801917	-438.811956	5.821807
66.905472	476.321228	-414.740402	5.324647
69.324251	453.930972	-389.414714	4.807994
72.074473	430.563076	-362.757502	4.268898
75.142308	406.154524	-334.716606	3.704390
78.481951	380.656438	-305.286166	3.111679
81.999811	354.047262	-274.535924	2.488472
85.535025	326.350980	-242.649401	1.833446
88.838694	297.660879	-209.969073	1.146887
91.558146	268.168028	-177.041413	0.431532
93.238337	238.190981	-144.646146	-0.306498
93.358492	208.198909	-113.783602	-1.056816
91.422249	178.815000	-85.588420	-1.804331
87.103408	150.783597	-61.150447	-2.529742
80.410053	124.888908	-41.267455	-3.211401
71.783110	101.830826	-26.219128	-3.828589
62.040914	82.091324	-15.685018	-4.365392
52.159438	65.844183	-8.871020	-4.813725
42.994203	52.948673	-4.780288	-5.174181
35.090514	43.025285	-2.480282	-5.454489
28.650737	35.571562	-1.254250	-5.666575
23.618837	30.068535	-0.626090	-5.823608
19.799557	26.049929	-0.312461	-5.937912
16.954473	23.132261	-0.157862	-6.019926
14.858100	21.017769	-0.081719	-6.077950
13.321483	19.483650	-0.043844	-6.118323
12.196560	18.366958	-0.024635	-6.145763
11.371750	17.550107	-0.014624	-6.163733
10.764842	16.948828	-0.009230	-6.174756
10.316014	16.502891	-0.006215	-6.180663
9.982003	16.169248	-0.004464	-6.182781
9.731590	15.917076	-0.003411	-6.182076
9.542236	15.724243	-0.002757	-6.179250
9.397643	15.574802	-0.002340	-6.174818
9.285987	15.457215	-0.002071	-6.169157
9.198664	15.363105	-0.001897	-6.162544
9.129389	15.286359	-0.001786	-6.155184
9.073551	15.222499	-0.001718	-6.147230
9.027755	15.168231	-0.001681	-6.138795
8.989491	15.121121	-0.001666	-6.129965
8.956894	15.079363	-0.001666	-6.120802
8.928576	15.041612	-0.001679	-6.111356
8.903497	15.006861	-0.001702	-6.101662
8.880875	14.974353	-0.001731	-6.091747
8.860121	14.943520	-0.001767	-6.081633
6.956066	13.115102	-0.001785	-6.157251
5.458354	11.676735	-0.001766	-6.216615
4.275966	10.540876	-0.001727	-6.263183
3.339066	9.640389	-0.001682	-6.299641
2.593914	8.923635	-0.001638	-6.328083
1.999027	8.350768	-0.001597	-6.350144
1.522280	7.890950	-0.001564	-6.367106
1.138718	7.520235	-0.001537	-6.379980
0.828895	7.219973	-0.001517	-6.389561
0.577606	6.975589	-0.001504	-6.396480
0.372927	6.775662	-0.001497	-6.401238
0.205479	6.611208	-0.001495	-6.404235
0.067858	6.475143	-0.001497	-6.405788
-0.045796	6.361864	-0.001504	-6.406155
-0.140134	6.266921	-0.001514	-6.405541
-0.218862	6.186777	-0.001527	-6.404112
-0.284938	6.118605	-0.001542	-6.402001
-0.340733	6.060144	-0.001560	-6.399318
-0.388151	6.009579	-0.001580	-6.396150
-0.428725	5.965447	-0.001602	-6.392571
-0.463693	5.926569	-0.001625	-6.388638
-0.494059	5.891990	-0.001649	-6.384401
-0.520637	5.860935	-0.001674	-6.379898
-0.544090	5.832774	-0.001701	-6.375163
-0.564960	5.806991	-0.001729	-6.370222
-0.583689	5.783167	-0.001757	-6.365099
-0.600640	5.760956	-0.001786	-6.359810
-0.616112	5.740076	-0.001816	-6.354372
-0.630351	5.720293	-0.001847	-6.348798
-0.643561	5.701415	-0.001879	-6.343097
-0.655908	5.683282	-0.001911	-6.337280
-0.667533	5.665763	-0.001943	-6.331353
-0.678552	5.648747	-0.001977	-6.325322
-0.689060	5.632144	-0.002011	-6.319194
-0.699139	5.615878	-0.002045	-6.312972
-0.708855	5.599885	-0.002080	-6.306659
-0.718266	5.584111	-0.002116	-6.300261
-0.727417	5.568513	-0.002152	-6.293777
-0.736349	5.553053	-0.002189	-6.287213
-0.745094	5.537700	-0.002227	-6.280568
-0.753681	5.522428	-0.002265	-6.273844
-0.762134	5.507214	-0.002304	-6.267044
-0.770471	5.492040	-0.002343	-6.260168
-0.778711	5.476889	-0.002383	-6.253217
-0.786866	5.461750	-0.002424	-6.246192
-0.794948	5.446611	-0.002465	-6.239094
-0.802968	5.431462	-0.002507	-6.231923
-0.810934	5.416296	-0.002549	-6.224680
-0.818852	5.401106	-0.002593	-6.217366
-0.826729	5.385888	-0.002637	-6.209980
-0.834570	5.370635	-0.002681	-6.202524
-0.842377	5.355346	-0.002727	-6.194997
-0.850156	5.340016	-0.002773	-6.187399
-0.857908	5.324644	-0.002820	-6.179732
-0.865636	5.309227	-0.002868	-6.171995
-0.873341	5.293764	-0.002916	-6.164189
-0.881024	5.278254	-0.002965	-6.156313
-0.888687	5.262697	-0.003015	-6.148369
-0.896331	5.247091	-0.003066	-6.140355
-0.903954	5.231436	-0.003118	-6.132272
-0.911559	5.215733	-0.003171	-6.124121
-0.919144	5.199982	-0.003224	-6.115902
-0.926710	5.184183	-0.003279	-6.107614
-0.934257	5.168336	-0.003334	-6.099259
-0.941783	5.152442	-0.003390	-6.090835
-0.949289	5.136502	-0.003448	-6.082344
-0.956774	5.120517	-0.003506	-6.073785
-0.964236	5.104488	-0.003565	-6.065159
-0.971676	5.088415	-0.003626	-6.056465
-0.979093	5.072299	-0.003687	-6.047705
-0.986485	5.056143	-0.003750	-6.038878
-0.993852	5.039947	-0.003813	-6.029985
-1.001192	5.023711	-0.003878	-6.021025
-1.008505	5.007439	-0.003944	-6.012000
-1.015789	4.991130	-0.004011	-6.002908
-1.023044	4.974786	-0.004079	-5.993751
-1.030269	4.958409	-0.004149	-5.984529
-1.037461	4.942000	-0.004220	-5.975242
-1.044621	4.925561	-0.004292	-5.965890
-1.051747	4.909092	-0.004365	-5.956474
-1.058838	4.892596	-0.004440	-5.946994
-1.065892	4.876074	-0.004516	-5.937450
-1.072909	4.859527	-0.004593	-5.927843
-1.079887	4.842958	-0.004672	-5.918172
-1.086825	4.826366	-0.004753	-5.908439
-1.093723	4.809756	-0.004834	-5.898644
-1.100578	4.793126	-0.004918	-5.888786
-1.107389	4.776480	-0.005003	-5.878867
-1.114156	4.759819	-0.005089	-5.868887
-1.120878	4.743145	-0.005177	-5.858846
-1.127552	4.726459	-0.005267	-5.848744
-1.134179	4.709762	-0.005358	-5.838582
-1.140756	4.693057	-0.005452	-5.828361
-1.147283	4.676345	-0.005546	-5.818081
-1.153759	4.659627	-0.005643	-5.807742
-1.160181	4.642906	-0.005742	-5.797345
-1.166551	4.626182	-0.005842	-5.786891
-1.172865	4.609458	-0.005944	-5.776379
-1.179123	4.592736	-0.006048	-5.765810
-1.185325	4.576015	-0.006155	-5.755186
-1.191468	4.559300	-0.006263	-5.744505
-1.197552	4.542590	-0.006373	-5.733769
-1.203576	4.525888	-0.006485	-5.722979
-1.209539	4.509195	-0.006600	-5.712135
-1.215440	4.492513	-0.006716	-5.701237
-1.221278	4.475843	-0.006835	-5.690286
-1.227051	4.459188	-0.006956	-5.679282
-1.232760	4.442547	-0.007080	-5.668227
-1.238402	4.425924	-0.007206	-5.657121
-1.243978	4.409320	-0.007334	-5.645964
-1.249485	4.392736	-0.007465	-5.634757
-1.254924	4.376174	-0.007598	-5.623500
-1.260293	4.359635	-0.007733	-5.612195
-1.265592	4.343121	-0.007872	-5.600841
-1.270819	4.326634	-0.008013	-5.589440
-1.275975	4.310174	-0.008156	-5.577992
-1.281057	4.293744	-0.008303	-5.566498
-1.286066	4.277345	-0.008452	-5.554958
-1.291000	4.260978	-0.008604	-5.543374
-1.295859	4.244645	-0.008759	-5.531745
-1.300642	4.228347	-0.008917	-5.520072
-1.305349	4.212086	-0.009078	-5.508357
-1.309978	4.195863	-0.009242	-5.496599
-1.314530	4.179679	-0.009409	-5.484800
-1.319003	4.163537	-0.009579	-5.472960
-1.323397	4.147436	-0.009753	-5.461080
-1.327711	4.131380	-0.009930	-5.449161
-1.331945	4.115368	-0.010110	-5.437202
-1.336098	4.099402	-0.010294	-5.425206
-1.340169	4.083485	-0.010481	-5.413173
-1.344159	4.067616	-0.010672	-5.401104
-1.348067	4.051797	-0.010866	-5.388998
-1.351892	4.036030	-0.011064	-5.376858
-1.355633	4.020315	-0.011266	-5.364683
-1.359291	4.004655	-0.011471	-5.352475
-1.362865	3.989049	-0.011681	-5.340234
-1.366355	3.973500	-0.011894	-5.327961
-1.369760	3.958008	-0.012112	-5.315657
-1.373080	3.942575	-0.012333	-5.303322
-1.376315	3.927202	-0.012559	-5.290958
-1.379464	3.911890	-0.012789	-5.278564
-1.382527	3.896639	-0.013023	-5.266143
-1.385504	3.881452	-0.013262	-5.253694
-1.388395	3.866329	-0.013505	-5.241219
-1.391199	3.851271	-0.013753	-5.228717
-1.393917	3.836279	-0.014005	-5.216191
-1.396548	3.821354	-0.014262	-5.203640
-1.399092	3.806498	-0.014524	-5.191066
-1.401549	3.791711	-0.014790	-5.178469
-1.403919	3.776994	-0.015062	-5.165850
-1.406201	3.762348	-0.015338	-5.153211
-1.408397	3.747773	-0.015620	-5.140550
-1.410505	3.733272	-0.015907	-5.127870
-1.412526	3.718844	-0.016199	-5.115172
-1.414459	3.704491	-0.016496	-5.102455
-1.416306	3.690214	-0.016799	-5.089721
-1.418065	3.676012	-0.017107	-5.076971
-1.419738	3.661888	-0.017421	-5.064205
-1.421323	3.647841	-0.017740	-5.051424
-1.422821	3.633873	-0.018065	-5.038629
-1.424233	3.619984	-0.018396	-5.025821
-1.425559	3.606175	-0.018734	-5.013000
-1.426798	3.592446	-0.019077	-5.000167
-1.427950	3.578799	-0.019426	-4.987324
-1.429017	3.565234	-0.019781	-4.974470
-1.429998	3.551752	-0.020143	-4.961607
-1.430894	3.538352	-0.020511	-4.948735
-1.431704	3.525037	-0.020886	-4.935855
-1.432429	3.511806	-0.021267	-4.922969
-1.433070	3.498660	-0.021655	-4.910075
-1.433627	3.485600	-0.022049	-4.897177
-1.434099	3.472625	-0.022451	-4.884273
-1.434488	3.459737	-0.022859	-4.871366
-1.434793	3.446937	-0.023275	-4.858455
-1.435015	3.434223	-0.023698	-4.845541
-1.435155	3.421598	-0.024128	-4.832626
-1.435213	3.409061	-0.024565	-4.819709
-1.435189	3.396613	-0.025010	-4.806792
-1.435084	3.384254	-0.025462	-4.793876
-1.434898	3.371985	-0.025922	-4.780961
-1.434631	3.359806	-0.026390	-4.768047
-1.434285	3.347717	-0.026866	-4.755136
-1.433859	3.335719	-0.027349	-4.742229
-1.433354	3.323812	-0.027841	-4.729325
-1.432771	3.311996	-0.028341	-4.716426
-1.432110	3.300272	-0.028849	-4.703532
-1.431371	3.288639	-0.029365	-4.690645
-1.430556	3.277099	-0.029890	-4.677764
-1.429665	3.265651	-0.030424	-4.664891
-1.428697	3.254295	-0.030966	-4.652026
-1.427655	3.243032	-0.031517	-4.639170
-1.426538	3.231862	-0.032077	-4.626324
-1.425347	3.220786	-0.032646	-4.613488
-1.424083	3.209802	-0.033223	-4.600662
-1.422746	3.198912	-0.033811	-4.587848
-1.421337	3.188116	-0.034407	-4.575046
-1.419857	3.177413	-0.035013	-4.562257
-1.418306	3.166804	-0.035628	-4.549482
-1.416684	3.156289	-0.036253	-4.536721
-1.414993	3.145868	-0.036887	-4.523974
-1.413233	3.135541	-0.037532	-4.511243
-1.411405	3.125308	-0.038186	-4.498528
-1.409510	3.115170	-0.038850	-4.485829
-1.407547	3.105125	-0.039525	-4.473147
-1.405519	3.095174	-0.040210	-4.460484
-1.403425	3.085318	-0.040905	-4.447839
-1.401266	3.075556	-0.041610	-4.435212
-1.399043	3.065888	-0.042326	-4.422605
-1.396757	3.056314	-0.043052	-4.410019
-1.394409	3.046834	-0.043790	-4.397453
-1.391998	3.037448	-0.044538	-4.384908
-1.389526	3.028156	-0.045297	-4.372386
-1.386994	3.018958	-0.046066	-4.359885
-1.384402	3.009854	-0.046848	-4.347408
-1.381750	3.000843	-0.047640	-4.334954
-1.379041	2.991926	-0.048443	-4.322524
-1.376274	2.983102	-0.049258	-4.310118
-1.373450	2.974372	-0.050085	-4.297737
-1.370570	2.965735	-0.050923	-4.285382
-1.367635	2.957191	-0.051772	-4.273053
-1.364645	2.948739	-0.052634	-4.260751
-1.361602	2.940381	-0.053507	-4.248475
-1.358505	2.932115	-0.054392	-4.236228
-1.355356	2.923941	-0.055289	-4.224008
-1.352155	2.915860	-0.056199	-4.211816
-1.348904	2.907870	-0.057120	-4.199654
-1.345602	2.899972	-0.058054	-4.187520
-1.342251	2.892166	-0.059000	-4.175417
-1.338851	2.884451	-0.059959	-4.163344
-1.335403	2.876828	-0.060930	-4.151301
-1.331909	2.869295	-0.061913	-4.139290
-1.328368	2.861852	-0.062910	-4.127310
-1.324781	2.854501	-0.063919	-4.115362
-1.321149	2.847239	-0.064941	-4.103447
-1.317473	2.840067	-0.065975	-4.091564
-1.313754	2.832984	-0.067023	-4.079715
-1.309992	2.825991	-0.068084	-4.067899
-1.306187	2.819087	-0.069158	-4.056117
-1.302342	2.812272	-0.070245	-4.044369
-1.298456	2.805545	-0.071345	-4.032656
-1.294531	2.798906	-0.072459	-4.020978
-1.290566	2.792356	-0.073585	-4.009336
-1.286563	2.785892	-0.074726	-3.997729
-1.282522	2.779516	-0.075879	-3.986159
-1.278444	2.773227	-0.077047	-3.974625
-1.274330	2.767024	-0.078228	-3.963127
-1.270181	2.760908	-0.079422	-3.951667
-1.265997	2.754877	-0.080630	-3.940244
-1.261778	2.748932	-0.081852	-3.928859
-1.257526	2.743072	-0.083087	-3.917512
-1.253242	2.737298	-0.084337	-3.906203
-1.248925	2.731607	-0.085600	-3.894933
-1.244577	2.726001	-0.086877	-3.883702
-1.240198	2.720479	-0.088167	-3.872509
-1.235789	2.715040	-0.089472	-3.861357
-1.231351	2.709684	-0.090791	-3.850244
-1.226884	2.704411	-0.092124	-3.839171
-1.222389	2.699220	-0.093471	-3.828139
-1.217867	2.694111	-0.094831	-3.817147
-1.213318	2.689084	-0.096206	-3.806195
-1.208742	2.684138	-0.097595	-3.795285
-1.204141	2.679273	-0.098998	-3.784416
-1.199516	2.674488	-0.100415	-3.773588
-1.194865	2.669783	-0.101846	-3.762803
-1.190192	2.665158	-0.103292	-3.752059
-1.185495	2.660613	-0.104751	-3.741357
-1.180776	2.656146	-0.106224	-3.730697
-1.176035	2.651757	-0.107712	-3.720080
-1.171273	2.647447	-0.109214	-3.709506
-1.166490	2.643214	-0.110730	-3.698974
-1.161687	2.639059	-0.112259	-3.688486
-1.156864	2.634980	-0.113803	-3.678041
-1.152023	2.630978	-0.115361	-3.667639
-1.147163	2.627052	-0.116934	-3.657281
-1.142285	2.623201	-0.118520	-3.646967
-1.137391	2.619426	-0.120120	-3.636696
-1.132479	2.615725	-0.121734	-3.626470
-1.127551	2.612099	-0.123362	-3.616288
-1.122608	2.608547	-0.125004	-3.606151
-1.117649	2.605068	-0.126660	-3.596058
-1.112676	2.601662	-0.128329	-3.586009
-1.107689	2.598329	-0.130013	-3.576005
-1.102688	2.595069	-0.131710	-3.566047
-1.097674	2.591880	-0.133421	-3.556133
-1.092647	2.588762	-0.135145	-3.546264
-1.087609	2.585716	-0.136883	-3.536441
-1.082558	2.582740	-0.138635	-3.526663
-1.077497	2.579834	-0.140400	-3.516931
-1.072425	2.576998	-0.142179	-3.507244
-1.067342	2.574232	-0.143971	-3.497603
-1.062250	2.571534	-0.145776	-3.488007
-1.057148	2.568904	-0.147595	-3.478458
-1.052038	2.566343	-0.149426	-3.468954
-1.046919	2.563849	-0.151271	-3.459496
-1.041792	2.561422	-0.153129	-3.450085
-1.036657	2.559061	-0.154999	-3.440720
-1.031516	2.556767	-0.156883	-3.431400
-1.026367	2.554539	-0.158779	-3.422128
-1.021212	2.552377	-0.160687	-3.412901
-1.016051	2.550279	-0.162609	-3.403721
-1.010884	2.548245	-0.164543	-3.394587
-1.005713	2.546276	-0.166489	-3.385500
-1.000536	2.544370	-0.168447	-3.376460
-0.995355	2.542528	-0.170418	-3.367466
-0.990170	2.540748	-0.172400	-3.358518
-0.984981	2.539031	-0.174394	-3.349618
-0.979789	2.537376	-0.176401	-3.340764
-0.974594	2.535782	-0.178419	-3.331956
-0.969396	2.534249	-0.180448	-3.323196
-0.964195	2.532776	-0.182489	-3.314482
-0.958993	2.531364	-0.184541	-3.305815
-0.953789	2.530011	-0.186605	-3.297195
-0.948583	2.528718	-0.188679	-3.288622
-0.943377	2.527484	-0.190765	-3.280096
-0.938170	2.526307	-0.192861	-3.271616
-0.932962	2.525189	-0.194968	-3.263184
-0.927754	2.524129	-0.197085	-3.254798
-0.922547	2.523125	-0.199213	-3.246459
-0.917339	2.522178	-0.201351	-3.238167
-0.912133	2.521288	-0.203499	-3.229922
-0.906927	2.520453	-0.205657	-3.221724
-0.901723	2.519673	-0.207824	-3.213572
-0.896521	2.518949	-0.210002	-3.205467
-0.891320	2.518279	-0.212188	-3.197410
-0.886121	2.517662	-0.214384	-3.189399
-0.880924	2.517100	-0.216590	-3.181435
-0.875730	2.516590	-0.218804	-3.173517
-0.870539	2.516134	-0.221026	-3.165646
-0.865351	2.515729	-0.223258	-3.157822
-0.860166	2.515377	-0.225498	-3.150045
-0.854984	2.515076	-0.227746	-3.142314
-0.849807	2.514826	-0.230002	-3.134630
-0.844633	2.514626	-0.232266	-3.126993
-0.839463	2.514477	-0.234538	-3.119402
-0.834298	2.514377	-0.236817	-3.111858
-0.829137	2.514326	-0.239104	-3.104360
-0.823982	2.514325	-0.241398	-3.096908
-0.818831	2.514371	-0.243699	-3.089503
-0.813685	2.514466	-0.246006	-3.082145
-0.808544	2.514608	-0.248320	-3.074832
-0.803410	2.514797	-0.250641	-3.067566
-0.798281	2.515033	-0.252968	-3.060346
-0.793157	2.515315	-0.255300	-3.053172
-0.788040	2.515643	-0.257639	-3.046045
-0.782929	2.516016	-0.259983	-3.038963
-0.777825	2.516435	-0.262332	-3.031927
-0.772727	2.516897	-0.264687	-3.024938
-0.767636	2.517404	-0.267046	-3.017994
-0.762552	2.517954	-0.269411	-3.011096
-0.757475	2.518548	-0.271780	-3.004243
-0.752405	2.519184	-0.274153	-2.997437
-0.747343	2.519863	-0.276530	-2.990676
-0.742288	2.520583	-0.278911	-2.983960
-0.737241	2.521346	-0.281296	-2.977290
-0.732201	2.522149	-0.283685	-2.970665
-0.727170	2.522992	-0.286076	-2.964086
-0.722147	2.523876	-0.288471	-2.957552
-0.717132	2.524800	-0.290868	-2.951063
-0.712125	2.525763	-0.293269	-2.944620
-0.707127	2.526765	-0.295671	-2.938221
-0.702137	2.527806	-0.298076	-2.931867
-0.697156	2.528885	-0.300482	-2.925559
-0.692184	2.530001	-0.302890	-2.919295
-0.687221	2.531154	-0.305300	-2.913075
-0.682267	2.532344	-0.307711	-2.906901
-0.677322	2.533571	-0.310123	-2.900771
-0.672387	2.534834	-0.312536	-2.894685
-0.667461	2.536132	-0.314949	-2.888644
-0.662545	2.537465	-0.317362	-2.882647
-0.657638	2.538833	-0.319776	-2.876694
-0.652741	2.540235	-0.322190	-2.870786
-0.647854	2.541671	-0.324603	-2.864922
-0.642977	2.543140	-0.327016	-2.859101
-0.638110	2.544642	-0.329428	-2.853324
-0.633253	2.546177	-0.331838	-2.847592
-0.628406	2.547744	-0.334248	-2.841903
-0.623570	2.549343	-0.336656	-2.836257
-0.618744	2.550973	-0.339062	-2.830655
-0.613929	2.552634	-0.341467	-2.825096
-0.609124	2.554325	-0.343869	-2.819581
-0.604330	2.556047	-0.346268	-2.814109
-0.599547	2.557798	-0.348665	-2.808680
-0.594775	2.559578	-0.351059	-2.803294
-0.590014	2.561387	-0.353450	-2.797951
-0.585264	2.563225	-0.355838	-2.792651
-0.580526	2.565090	-0.358222	-2.787393
-0.575798	2.566983	-0.360602	-2.782179
-0.571082	2.568903	-0.362979	-2.777006
-0.566378	2.570849	-0.365351	-2.771876
-0.561685	2.572822	-0.367718	-2.766789
-0.557003	2.574821	-0.370081	-2.761744
-0.552333	2.576845	-0.372438	-2.756740
-0.547675	2.578895	-0.374791	-2.751779
-0.543029	2.580969	-0.377138	-2.746860
-0.538395	2.583067	-0.379480	-2.741982
-0.533773	2.585189	-0.381816	-2.737146
-0.529163	2.587334	-0.384145	-2.732352
-0.524565	2.589503	-0.386469	-2.727599
-0.519979	2.591694	-0.388786	-2.722888
-0.515406	2.593907	-0.391096	-2.718217
-0.510845	2.596142	-0.393399	-2.713588
-0.506297	2.598398	-0.395695	-2.709000
-0.501761	2.600675	-0.397984	-2.704453
-0.497238	2.602973	-0.400265	-2.699947
-0.492728	2.605291	-0.402538	-2.695481
-0.488231	2.607629	-0.404803	-2.691056
-0.483746	2.609985	-0.407060	-2.686671
-0.479275	2.612361	-0.409309	-2.682327
-0.474816	2.614756	-0.411549	-2.678023
-0.470371	2.617168	-0.413780	-2.673759
-0.465939	2.619598	-0.416002	-2.669535
-0.461520	2.622046	-0.418215	-2.665350
-0.457114	2.624510	-0.420419	-2.661206
-0.452722	2.626991	-0.422612	-2.657101
-0.448344	2.629489	-0.424796	-2.653036
-0.443979	2.632001	-0.426970	-2.649010
-0.439628	2.634530	-0.429134	-2.645023
-0.435290	2.637073	-0.431287	-2.641076
-0.430966	2.639630	-0.433430	-2.637167
-0.426657	2.642202	-0.435562	-2.633297
-0.422361	2.644788	-0.437683	-2.629466
-0.418080	2.647387	-0.439792	-2.625674
-0.413812	2.649999	-0.441891	-2.621920
-0.409559	2.652623	-0.443977	-2.618205
-0.405320	2.655260	-0.446053	-2.614528
-0.401096	2.657909	-0.448116	-2.610889
-0.396886	2.660569	-0.450167	-2.607288
-0.392691	2.663240	-0.452206	-2.603725
-0.388510	2.665922	-0.454233	-2.600199
-0.384344	2.668614	-0.456247	-2.596711
-0.380193	2.671316	-0.458248	-2.593261
-0.376057	2.674027	-0.460237	-2.589848
-0.371936	2.676748	-0.462212	-2.586472
-0.367830	2.679478	-0.464174	-2.583133
-0.363739	2.682216	-0.466123	-2.579831
-0.359663	2.684962	-0.468059	-2.576566
-0.355603	2.687715	-0.469981	-2.573338
-0.351558	2.690476	-0.471889	-2.570146
-0.347528	2.693244	-0.473783	-2.566990
-0.343514	2.696019	-0.475663	-2.563871
-0.339516	2.698800	-0.477529	-2.560787
-0.335534	2.701586	-0.479380	-2.557740
-0.331567	2.704379	-0.481217	-2.554729
-0.327617	2.707176	-0.483040	-2.551753
-0.323682	2.709978	-0.484848	-2.548812
-0.319764	2.712784	-0.486641	-2.545907
-0.315861	2.715595	-0.488419	-2.543038
-0.311975	2.718409	-0.490181	-2.540203
-0.308106	2.721227	-0.491929	-2.537403
-0.304253	2.724048	-0.493662	-2.534639
-0.300416	2.726871	-0.495379	-2.531908
-0.296596	2.729697	-0.497080	-2.529213
-0.292793	2.732524	-0.498766	-2.526551
-0.289007	2.735354	-0.500436	-2.523924
-0.285237	2.738185	-0.502091	-2.521331
-0.281485	2.741016	-0.503729	-2.518772
-0.277749	2.743849	-0.505352	-2.516246
-0.274031	2.746681	-0.506958	-2.513754
-0.270330	2.749514	-0.508549	-2.511295
-0.266647	2.752346	-0.510123	-2.508870
-0.262981	2.755178	-0.511680	-2.506478
-0.259332	2.758009	-0.513222	-2.504119
-0.255701	2.760838	-0.514747	-2.501792
-0.252088	2.763666	-0.516255	-2.499499
-0.248493	2.766492	-0.517747	-2.497237
-0.244915	2.769315	-0.519222	-2.495009
-0.241356	2.772136	-0.520680	-2.492812
-0.237814	2.774954	-0.522122	-2.490647
-0.234291	2.777769	-0.523547	-2.488514
-0.230786	2.780581	-0.524954	-2.486413
-0.227300	2.783389	-0.526345	-2.484343
-0.223831	2.786193	-0.527719	-2.482304
-0.220382	2.788992	-0.529076	-2.480297
-0.216951	2.791787	-0.530416	-2.478321
-0.213539	2.794576	-0.531739	-2.476376
-0.210145	2.797361	-0.533045	-2.474461
-0.206770	2.800140	-0.534334	-2.472577
-0.203415	2.802913	-0.535605	-2.470723
-0.200078	2.805680	-0.536860	-2.468899
-0.196761	2.808441	-0.538097	-2.467105
-0.193463	2.811195	-0.539317	-2.465341
-0.190184	2.813943	-0.540519	-2.463607
-0.186924	2.816683	-0.541705	-2.461902
-0.183684	2.819415	-0.542873	-2.460226
-0.180464	2.822140	-0.544024	-2.458580
-0.177263	2.824857	-0.545158	-2.456963
-0.174082	2.827566	-0.546274	-2.455374
-0.170920	2.830267	-0.547373	-2.453814
-0.167779	2.832958	-0.548455	-2.452282
-0.164657	2.835641	-0.549520	-2.450779
-0.161556	2.838315	-0.550568	-2.449303
-0.158475	2.840979	-0.551598	-2.447856
-0.155414	2.843633	-0.552611	-2.446436
-0.152373	2.846278	-0.553607	-2.445043
-0.149352	2.848912	-0.554586	-2.443678
-0.146352	2.851536	-0.555548	-2.442340
-0.143373	2.854150	-0.556493	-2.441029
-0.140414	2.856752	-0.557421	-2.439745
-0.137475	2.859344	-0.558331	-2.438488
-0.134558	2.861924	-0.559225	-2.437257
-0.131661	2.864493	-0.560102	-2.436052
-0.128785	2.867050	-0.560962	-2.434873
-0.125930	2.869596	-0.561806	-2.433720
-0.123095	2.872129	-0.562632	-2.432592
-0.120282	2.874650	-0.563442	-2.431490
-0.117490	2.877158	-0.564235	-2.430413
-0.114719	2.879654	-0.565012	-2.429362
-0.111969	2.882137	-0.565772	-2.428335
-0.109241	2.884607	-0.566515	-2.427333
-0.106534	2.887064	-0.567242	-2.426356
-0.103848	2.889507	-0.567953	-2.425402
-0.101184	2.891937	-0.568648	-2.424473
-0.098541	2.894353	-0.569326	-2.423568
-0.095920	2.896755	-0.569988	-2.422687
-0.093320	2.899144	-0.570635	-2.421829
-0.090742	2.901517	-0.571265	-2.420994
-0.088186	2.903877	-0.571879	-2.420183
-0.085651	2.906222	-0.572478	-2.419395
-0.083138	2.908552	-0.573061	-2.418629
-0.080647	2.910867	-0.573628	-2.417886
-0.078178	2.913168	-0.574180	-2.417165
-0.075730	2.915453	-0.574716	-2.416467
-0.073305	2.917723	-0.575237	-2.415790
-0.070901	2.919977	-0.575743	-2.415136
-0.068520	2.922216	-0.576233	-2.414503
-0.066160	2.924439	-0.576709	-2.413891
-0.063822	2.926647	-0.577169	-2.413300
-0.061507	2.928839	-0.577615	-2.412731
-0.059214	2.931014	-0.578046	-2.412182
-0.056942	2.933174	-0.578462	-2.411654
-0.054693	2.935317	-0.578864	-2.411146
-0.052466	2.937444	-0.579251	-2.410658
-0.050261	2.939554	-0.579624	-2.410191
-0.048078	2.941648	-0.579983	-2.409743
-0.045918	2.943725	-0.580328	-2.409315
-0.043779	2.945785	-0.580659	-2.408906
-0.041663	2.947829	-0.580975	-2.408516
-0.039569	2.949855	-0.581279	-2.408146
-0.037497	2.951865	-0.581568	-2.407794
-0.035448	2.953857	-0.581844	-2.407461
-0.033420	2.955833	-0.582107	-2.407146
-0.031415	2.957791	-0.582357	-2.406849
-0.029432	2.959732	-0.582593	-2.406571
-0.027471	2.961655	-0.582816	-2.406310
-0.025533	2.963561	-0.583027	-2.406067
-0.023616	2.965449	-0.583224	-2.405841
-0.021722	2.967320	-0.583410	-2.405632
-0.019850	2.969173	-0.583582	-2.405441
-0.018000	2.971009	-0.583743	-2.405266
-0.016172	2.972827	-0.583891	-2.405108
-0.014366	2.974627	-0.584027	-2.404966
-0.012582	2.976409	-0.584151	-2.404841
-0.010820	2.978174	-0.584263	-2.404731
-0.009080	2.979920	-0.584363	-2.404637
-0.007362	2.981649	-0.584452	-2.404559
-0.005666	2.983360	-0.584530	-2.404496
-0.003992	2.985053	-0.584596	-2.404449
-0.002340	2.986728	-0.584651	-2.404416
-0.000710	2.988384	-0.584695	-2.404399
0.000899	2.990023	-0.584728	-2.404396
0.002486	2.991644	-0.584751	-2.404407
0.004051	2.993247	-0.584763	-2.404433
0.005595	2.994831	-0.584764	-2.404473
0.007117	2.996398	-0.584755	-2.404526
0.008617	2.997947	-0.584736	-2.404593
0.010096	2.999477	-0.584707	-2.404674
0.011554	3.000990	-0.584668	-2.404768
0.012990	3.002484	-0.584619	-2.404875
0.014405	3.003961	-0.584561	-2.404995
0.015799	3.005419	-0.584493	-2.405127
0.017172	3.006860	-0.584416	-2.405272
0.018523	3.008282	-0.584329	-2.405430
0.019854	3.009686	-0.584234	-2.405599
0.021163	3.011073	-0.584129	-2.405780
0.022452	3.012442	-0.584016	-2.405974
0.023720	3.013792	-0.583894	-2.406178
0.024967	3.015125	-0.583764	-2.406394
0.026193	3.016440	-0.583625	-2.406622
0.027399	3.017737	-0.583478	-2.406860
0.028585	3.019017	-0.583323	-2.407109
0.029750	3.020278	-0.583160	-2.407369
0.030894	3.021523	-0.582989	-2.407639
0.032019	3.022749	-0.582811	-2.407919
0.033123	3.023958	-0.582625	-2.408210
0.034208	3.025149	-0.582431	-2.408510
0.035272	3.026323	-0.582231	-2.408820
0.036317	3.027479	-0.582023	-2.409140
0.037342	3.028618	-0.581808	-2.409469
0.038347	3.029740	-0.581586	-2.409807
0.039333	3.030845	-0.581358	-2.410154
0.040299	3.031932	-0.581123	-2.410510
0.041246	3.033002	-0.580881	-2.410875
0.042174	3.034055	-0.580634	-2.411248
0.043082	3.035091	-0.580380	-2.411629
0.043972	3.036111	-0.580120	-2.412019
0.044843	3.037113	-0.579854	-2.412417
0.045695	3.038099	-0.579582	-2.412822
0.046528	3.039067	-0.579305	-2.413235
0.047343	3.040020	-0.579022	-2.413655
0.048139	3.040955	-0.578733	-2.414083
0.048917	3.041875	-0.578440	-2.414518
0.049677	3.042777	-0.578141	-2.414960
0.050419	3.043664	-0.577837	-2.415408
0.051142	3.044534	-0.577528	-2.415864
0.051849	3.045389	-0.577215	-2.416325
0.052537	3.046227	-0.576896	-2.416794
0.053208	3.047049	-0.576574	-2.417268
0.053861	3.047855	-0.576246	-2.417748
0.054497	3.048646	-0.575915	-2.418234
0.055116	3.049421	-0.575579	-2.418726
0.055718	3.050180	-0.575240	-2.419223
0.056303	3.050924	-0.574896	-2.419726
0.056871	3.051653	-0.574548	-2.420234
0.057422	3.052366	-0.574197	-2.420747
0.057957	3.053064	-0.573842	-2.421265
0.058476	3.053747	-0.573484	-2.421787
0.058979	3.054415	-0.573122	-2.422315
0.059465	3.055069	-0.572757	-2.422846
0.059935	3.055707	-0.572389	-2.423383
0.060390	3.056331	-0.572018	-2.423923
0.060829	3.056940	-0.571644	-2.424467
0.061252	3.057535	-0.571267	-2.425016
0.061660	3.058116	-0.570887	-2.425568
0.062053	3.058682	-0.570505	-2.426124
0.062431	3.059234	-0.570120	-2.426683
0.062794	3.059772	-0.569733	-2.427246
0.063142	3.060297	-0.569344	-2.427811
0.063475	3.060807	-0.568952	-2.428380
0.063794	3.061304	-0.568558	-2.428952
0.064098	3.061788	-0.568162	-2.429527
0.064389	3.062258	-0.567764	-2.430105
0.064665	3.062714	-0.567365	-2.430685
0.064927	3.063158	-0.566963	-2.431267
0.065176	3.063588	-0.566560	-2.431852
0.065411	3.064006	-0.566156	-2.432439
0.065632	3.064410	-0.565750	-2.433028
0.065840	3.064802	-0.565343	-2.433619
0.066035	3.065182	-0.564934	-2.434212
0.066217	3.065549	-0.564524	-2.434807
0.066386	3.065903	-0.564113	-2.435403
0.066543	3.066246	-0.563702	-2.436001
0.066687	3.066576	-0.563289	-2.436600
0.066818	3.066894	-0.562875	-2.437201
0.066937	3.067200	-0.562461	-2.437802
0.067044	3.067495	-0.562046	-2.438405
0.067140	3.067778	-0.561630	-2.439009
0.067223	3.068050	-0.561214	-2.439613
0.067295	3.068310	-0.560797	-2.440218
0.067355	3.068559	-0.560380	-2.440824
0.067404	3.068797	-0.559963	-2.441430
0.067441	3.069023	-0.559545	-2.442037
0.067468	3.069239	-0.559127	-2.442644
0.067484	3.069445	-0.558710	-2.443251
0.067489	3.069639	-0.558292	-2.443859
0.067483	3.069823	-0.557874	-2.444466
0.067467	3.069997	-0.557457	-2.445073
0.067441	3.070160	-0.557039	-2.445680
0.067404	3.070313	-0.556622	-2.446287
0.067358	3.070457	-0.556205	-2.446894
0.067301	3.070590	-0.555789	-2.447500
0.067235	3.070714	-0.555373	-2.448106
0.067160	3.070828	-0.554958	-2.448710
0.067075	3.070932	-0.554543	-2.449315
0.066980	3.071027	-0.554129	-2.449918
0.066877	3.071113	-0.553715	-2.450521
0.066765	3.071190	-0.553302	-2.451122
0.066644	3.071257	-0.552890	-2.451723
0.066514	3.071316	-0.552479	-2.452323
0.066376	3.071366	-0.552069	-2.452921
0.066229	3.071407	-0.551660	-2.453518
0.066074	3.071440	-0.551252	-2.454114
0.065911	3.071464	-0.550845	-2.454708
0.065740	3.071480	-0.550439	-2.455301
0.065561	3.071488	-0.550034	-2.455892
0.065375	3.071488	-0.549631	-2.456482
0.065181	3.071479	-0.549228	-2.457070
0.064980	3.071463	-0.548828	-2.457656
0.064771	3.071440	-0.548428	-2.458240
0.064556	3.071408	-0.548030	-2.458823
0.064333	3.071370	-0.547633	-2.459403
0.064104	3.071323	-0.547238	-2.459982
0.063867	3.071270	-0.546844	-2.460558
0.063625	3.071209	-0.546452	-2.461133
0.063376	3.071142	-0.546062	-2.461705
0.063120	3.071068	-0.545673	-2.462275
0.062859	3.070986	-0.545286	-2.462842
0.062591	3.070898	-0.544900	-2.463407
0.062318	3.070804	-0.544516	-2.463970
0.062038	3.070703	-0.544135	-2.464530
0.061753	3.070596	-0.543754	-2.465088
0.061463	3.070483	-0.543376	-2.465643
0.061167	3.070363	-0.543000	-2.466196
0.060866	3.070238	-0.542626	-2.466746
0.060560	3.070106	-0.542253	-2.467293
0.060249	3.069969	-0.541883	-2.467837
0.059933	3.069826	-0.541514	-2.468379
0.059612	3.069678	-0.541148	-2.468918
0.059287	3.069524	-0.540784	-2.469453
0.058957	3.069365	-0.540422	-2.469986
0.058623	3.069200	-0.540061	-2.470516
0.058284	3.069030	-0.539704	-2.471043
