-64.649080	0.334249	0.061910	0.586962
-64.649931	0.333801	0.057014	0.587522
-64.651250	0.333354	0.052872	0.588080
-64.652896	0.332910	0.049369	0.588636
-64.654773	0.332469	0.046405	0.589190
-64.656812	0.332029	0.043897	0.589743
-64.658963	0.331592	0.041775	0.590294
-64.661191	0.331156	0.039979	0.590843
-64.663470	0.330723	0.038459	0.591391
-64.665781	0.330292	0.037172	0.591936
-64.668108	0.329863	0.036083	0.592481
-64.670441	0.329437	0.035161	0.593023
-64.672772	0.329012	0.034379	0.593564
-64.675095	0.328589	0.033717	0.594103
-64.677403	0.328169	0.033156	0.594640
-64.679694	0.327751	0.032680	0.595176
-64.681964	0.327334	0.032276	0.595710
-64.684211	0.326920	0.031934	0.596242
-64.686433	0.326507	0.031643	0.596773
-64.688628	0.326097	0.031396	0.597302
-64.690796	0.325689	0.031185	0.597829
-64.692935	0.325283	0.031006	0.598355
-64.695045	0.324878	0.030854	0.598879
-64.697125	0.324476	0.030724	0.599402
-64.699176	0.324076	0.030612	0.599922
-64.701195	0.323677	0.030517	0.600442
-64.703185	0.323281	0.030436	0.600959
-64.705144	0.322887	0.030365	0.601475
-64.707072	0.322494	0.030305	0.601989
-64.708969	0.322104	0.030253	0.602502
-64.710836	0.321715	0.030208	0.603013
-64.712672	0.321328	0.030168	0.603522
-64.714478	0.320943	0.030134	0.604030
-64.716254	0.320561	0.030104	0.604536
-64.718000	0.320180	0.030078	0.605041
-64.719716	0.319801	0.030055	0.605544
-64.721402	0.319423	0.030034	0.606045
-64.723059	0.319048	0.030016	0.606545
-64.724686	0.318675	0.029999	0.607043
-64.726284	0.318303	0.029984	0.607540
-64.727854	0.317933	0.029971	0.608034
-64.729395	0.317565	0.029959	0.608528
-64.730908	0.317199	0.029948	0.609019
-64.732392	0.316835	0.029937	0.609510
-64.733848	0.316473	0.029928	0.609998
-64.735277	0.316112	0.029919	0.610485
-64.736679	0.315753	0.029910	0.610970
-64.738053	0.315396	0.029902	0.611454
-64.739400	0.315041	0.029895	0.611936
-64.740721	0.314688	0.029888	0.612417
-64.742015	0.314336	0.029881	0.612896
-64.743282	0.313986	0.029875	0.613374
-64.744524	0.313638	0.029869	0.613849
-64.745740	0.313292	0.029863	0.614324
-64.746930	0.312947	0.029857	0.614797
-64.748095	0.312604	0.029852	0.615268
-64.749235	0.312263	0.029847	0.615737
-64.750350	0.311924	0.029842	0.616206
-64.751440	0.311586	0.029837	0.616672
-64.752506	0.311250	0.029832	0.617137
-64.753547	0.310916	0.029827	0.617601
-64.754564	0.310583	0.029823	0.618063
-64.755558	0.310252	0.029818	0.618523
-64.756528	0.309923	0.029814	0.618982
-64.757474	0.309595	0.029810	0.619439
-64.758398	0.309269	0.029806	0.619895
-64.759298	0.308945	0.029802	0.620349
-64.760175	0.308623	0.029798	0.620802
-64.761030	0.308302	0.029794	0.621253
-64.761862	0.307982	0.029791	0.621703
-64.762673	0.307665	0.029787	0.622151
-64.763461	0.307349	0.029784	0.622598
-64.764227	0.307034	0.029780	0.623043
-64.764972	0.306721	0.029777	0.623486
-64.765695	0.306410	0.029774	0.623929
-64.766397	0.306100	0.029771	0.624369
-64.767078	0.305792	0.029768	0.624808
-64.767738	0.305486	0.029765	0.625246
-64.768377	0.305181	0.029762	0.625682
-64.768996	0.304878	0.029759	0.626117
-64.769594	0.304576	0.029757	0.626550
-64.770172	0.304275	0.029754	0.626982
-64.770731	0.303977	0.029752	0.627412
-64.771269	0.303680	0.029749	0.627841
-64.771788	0.303384	0.029747	0.628268
-64.772287	0.303090	0.029744	0.628694
-64.772767	0.302797	0.029742	0.629118
-64.773228	0.302506	0.029740	0.629541
-64.773669	0.302217	0.029738	0.629962
-64.774092	0.301929	0.029736	0.630382
-64.774497	0.301642	0.029734	0.630801
-64.774882	0.301357	0.029732	0.631218
-64.775250	0.301073	0.029731	0.631634
-64.775599	0.300791	0.029729	0.632048
-64.775930	0.300511	0.029727	0.632460
-64.776243	0.300232	0.029726	0.632872
-64.776539	0.299954	0.029724	0.633282
-64.776817	0.299677	0.029723	0.633690
-64.777078	0.299403	0.029721	0.634097
-64.777321	0.299129	0.029720	0.634503
-64.477600	0.298868	0.029803	0.634892
-64.178090	0.298629	0.030044	0.635248
-63.878787	0.298414	0.030423	0.635572
-63.579686	0.298222	0.030919	0.635862
-63.280785	0.298053	0.031519	0.636119
-62.982081	0.297908	0.032210	0.636343
-62.683571	0.297787	0.032984	0.636533
-62.385252	0.297689	0.033832	0.636690
-62.087121	0.297615	0.034748	0.636812
-61.789176	0.297565	0.035727	0.636900
-61.491413	0.297539	0.036766	0.636954
-61.193829	0.297538	0.037861	0.636973
-60.896421	0.297560	0.039010	0.636956
-60.599185	0.297607	0.040211	0.636905
-60.302118	0.297679	0.041462	0.636817
-60.005214	0.297775	0.042764	0.636694
-59.708469	0.297896	0.044114	0.636534
-59.411877	0.298042	0.045513	0.636337
-59.115434	0.298213	0.046960	0.636103
-58.819133	0.298409	0.048455	0.635831
-58.522967	0.298630	0.049999	0.635521
-58.226928	0.298877	0.051591	0.635173
-57.931009	0.299148	0.053232	0.634786
-57.635200	0.299446	0.054923	0.634359
-57.339492	0.299769	0.056664	0.633893
-57.043874	0.300118	0.058456	0.633386
-56.748334	0.300492	0.060300	0.632838
-56.452859	0.300893	0.062195	0.632249
-56.157435	0.301319	0.064144	0.631617
-55.862047	0.301772	0.066147	0.630943
-55.566679	0.302251	0.068204	0.630227
-55.271312	0.302757	0.070317	0.629466
-54.975926	0.303289	0.072486	0.628661
-54.680501	0.303847	0.074714	0.627811
-54.385012	0.304433	0.076999	0.626916
-54.089435	0.305045	0.079345	0.625975
-53.793743	0.305684	0.081751	0.624986
-53.497906	0.306350	0.084219	0.623950
-53.201893	0.307043	0.086750	0.622867
-52.905668	0.307763	0.089345	0.621734
-52.609195	0.308511	0.092006	0.620552
-52.312433	0.309286	0.094732	0.619319
-52.015340	0.310089	0.097527	0.618035
-51.717869	0.310919	0.100390	0.616700
-51.419971	0.311777	0.103323	0.615312
-51.121590	0.312663	0.106328	0.613871
-50.822671	0.313578	0.109406	0.612376
-50.523151	0.314520	0.112558	0.610826
-50.222963	0.315490	0.115785	0.609220
-49.922037	0.316489	0.119090	0.607558
-49.620297	0.317517	0.122473	0.605839
-49.317660	0.318573	0.125936	0.604061
-49.014041	0.319658	0.129481	0.602224
-48.709347	0.320773	0.133110	0.600327
-48.403476	0.321916	0.136823	0.598369
-48.096325	0.323089	0.140624	0.596350
-47.787780	0.324291	0.144513	0.594267
-47.477719	0.325523	0.148493	0.592120
-47.166016	0.326785	0.152566	0.589909
-46.852532	0.328077	0.156734	0.587632
-46.537122	0.329400	0.160999	0.585288
-46.219632	0.330753	0.165363	0.582875
-45.899896	0.332137	0.169830	0.580394
-45.577738	0.333553	0.174400	0.577842
-45.252974	0.335000	0.179078	0.575219
-44.925404	0.336479	0.183866	0.572522
-44.594818	0.337990	0.188768	0.569752
-44.260994	0.339534	0.193785	0.566906
-43.923695	0.341111	0.198921	0.563984
-43.582669	0.342722	0.204181	0.560983
-43.237650	0.344366	0.209567	0.557903
-42.888354	0.346045	0.215084	0.554741
-42.534484	0.347758	0.220735	0.551497
-42.175720	0.349508	0.226525	0.548169
-41.811728	0.351293	0.232459	0.544754
-41.442149	0.353115	0.238541	0.541252
-41.066609	0.354975	0.244776	0.537660
-40.684707	0.356873	0.251169	0.533976
-40.296021	0.358810	0.257727	0.530200
-39.900105	0.360787	0.264454	0.526328
-39.496488	0.362804	0.271358	0.522358
-39.084670	0.364864	0.278445	0.518289
-38.664125	0.366966	0.285720	0.514118
-38.234299	0.369112	0.293193	0.509843
-37.794607	0.371304	0.300869	0.505461
-37.344432	0.373542	0.308756	0.500971
-36.883128	0.375827	0.316863	0.496370
-36.410012	0.378162	0.325197	0.491656
-35.924373	0.380547	0.333767	0.486825
-35.425463	0.382985	0.342583	0.481877
-34.912500	0.385477	0.351652	0.476808
-34.384673	0.388025	0.360983	0.471617
-33.841134	0.390630	0.370586	0.466300
-33.281007	0.393296	0.380471	0.460857
-32.703389	0.396023	0.390645	0.455285
-32.107348	0.398814	0.401118	0.449583
-31.491934	0.401672	0.411898	0.443750
-30.856181	0.404600	0.422993	0.437785
-30.199113	0.407598	0.434411	0.431688
-29.519755	0.410672	0.446158	0.425458
-28.817141	0.413822	0.458240	0.419097
-28.090327	0.417052	0.470661	0.412607
-27.338405	0.420365	0.483422	0.405991
-26.560519	0.423765	0.496525	0.399250
-25.755886	0.427253	0.509968	0.392391
-24.923814	0.430833	0.523747	0.385419
-24.063730	0.434509	0.537852	0.378340
-23.175202	0.438283	0.552275	0.371163
-22.257971	0.442158	0.566999	0.363898
-21.311977	0.446137	0.582007	0.356554
-20.337392	0.450222	0.597273	0.349143
-19.334650	0.454417	0.612770	0.341678
-18.304474	0.458723	0.628464	0.334174
-17.247910	0.463143	0.644316	0.326644
-16.166344	0.467677	0.660284	0.319103
-15.061528	0.472326	0.676318	0.311568
-13.935585	0.477092	0.692366	0.304053
-12.791022	0.481973	0.708371	0.296573
-11.630719	0.486969	0.724272	0.289144
-10.457918	0.492079	0.740008	0.281779
-9.276196	0.497300	0.755515	0.274492
-8.089427	0.502630	0.770730	0.267295
-6.901739	0.508064	0.785589	0.260199
-5.717452	0.513598	0.800034	0.253213
-4.541018	0.519226	0.814009	0.246346
-3.376948	0.524944	0.827462	0.239606
-2.229744	0.530743	0.840351	0.232999
-1.103825	0.536616	0.852636	0.226528
-0.003461	0.542556	0.864288	0.220198
1.067293	0.548555	0.875285	0.214011
2.104647	0.554602	0.885613	0.207969
3.105121	0.560690	0.895267	0.202074
4.065579	0.566808	0.904248	0.196324
4.983250	0.572947	0.912564	0.190721
5.855738	0.579099	0.920232	0.185262
6.681027	0.585253	0.927270	0.179947
7.457469	0.591400	0.933706	0.174774
8.183770	0.597531	0.939566	0.169740
8.858972	0.603637	0.944882	0.164844
9.482426	0.609710	0.949688	0.160083
10.053766	0.615741	0.954017	0.155455
10.572882	0.621724	0.957903	0.150956
11.039890	0.627650	0.961381	0.146585
11.455107	0.633512	0.964484	0.142337
11.819023	0.639306	0.967243	0.138211
12.132280	0.645023	0.969689	0.134203
12.395648	0.650660	0.971850	0.130311
12.610009	0.656211	0.973754	0.126531
12.776336	0.661671	0.975424	0.122861
12.895681	0.667037	0.976883	0.119299
12.969161	0.672305	0.978152	0.115840
12.997947	0.677471	0.979250	0.112483
12.983256	0.682533	0.980193	0.109224
12.926341	0.687489	0.980995	0.106062
12.828484	0.692335	0.981671	0.102994
12.690993	0.697071	0.982232	0.100016
12.515193	0.701695	0.982689	0.097128
12.302426	0.706206	0.983049	0.094325
12.054042	0.710603	0.983322	0.091607
11.771400	0.714885	0.983513	0.088970
11.455862	0.719052	0.983629	0.086413
11.108792	0.723104	0.983674	0.083933
10.731553	0.727042	0.983652	0.081528
10.325504	0.730864	0.983566	0.079197
9.891997	0.734572	0.983420	0.076937
9.432377	0.738166	0.983214	0.074746
8.947977	0.741648	0.982950	0.072623
8.440120	0.745017	0.982629	0.070565
7.910113	0.748276	0.982251	0.068572
7.359247	0.751424	0.981817	0.066641
6.788796	0.754464	0.981327	0.064771
6.200013	0.757396	0.980778	0.062960
5.594131	0.760222	0.980171	0.061207
4.972360	0.762943	0.979503	0.059510
4.335886	0.765562	0.978774	0.057868
3.685869	0.768078	0.977981	0.056279
3.023445	0.770495	0.977123	0.054742
2.349719	0.772813	0.976196	0.053256
1.665769	0.775034	0.975197	0.051820
0.972646	0.777161	0.974125	0.050433
0.271368	0.779193	0.972976	0.049092
-0.437078	0.781134	0.971746	0.047798
-1.151733	0.782985	0.970433	0.046549
-1.871672	0.784748	0.969032	0.045345
-2.596002	0.786424	0.967540	0.044183
-3.323860	0.788015	0.965952	0.043064
-4.054417	0.789523	0.964265	0.041986
-4.786875	0.790949	0.962474	0.040949
-5.520470	0.792296	0.960575	0.039951
-6.254468	0.793564	0.958564	0.038991
-6.988167	0.794756	0.956435	0.038070
-7.720897	0.795873	0.954185	0.037186
-8.452019	0.796917	0.951808	0.036339
-9.180925	0.797889	0.949300	0.035527
-9.907037	0.798791	0.946656	0.034750
-10.629807	0.799625	0.943872	0.034008
-11.348716	0.800392	0.940942	0.033300
-12.063275	0.801094	0.937863	0.032624
-12.773022	0.801731	0.934630	0.031981
-13.775868	0.802296	0.931148	0.031373
-14.765975	0.802777	0.927319	0.030803
-15.743131	0.803178	0.923139	0.030271
-16.707149	0.803501	0.918607	0.029777
-17.657864	0.803747	0.913719	0.029319
-18.595139	0.803919	0.908471	0.028898
-19.518861	0.804020	0.902858	0.028513
-20.428941	0.804050	0.896877	0.028165
-21.325315	0.804013	0.890521	0.027852
-22.207943	0.803910	0.883789	0.027574
-23.076809	0.803743	0.876675	0.027330
-23.931918	0.803513	0.869178	0.027122
-24.773300	0.803223	0.861293	0.026947
-25.601004	0.802874	0.853021	0.026806
-26.415102	0.802468	0.844359	0.026698
-27.215681	0.802006	0.835309	0.026623
-28.002852	0.801491	0.825871	0.026581
-28.776737	0.800923	0.816049	0.026570
-29.537478	0.800305	0.805846	0.026592
-30.285230	0.799637	0.795268	0.026644
-31.020159	0.798921	0.784320	0.026728
-31.742445	0.798158	0.773011	0.026843
-32.452274	0.797350	0.761349	0.026987
-33.149843	0.796498	0.749346	0.027162
-33.835354	0.795604	0.737013	0.027367
-34.509012	0.794668	0.724364	0.027601
-35.171026	0.793691	0.711413	0.027864
-35.821607	0.792675	0.698176	0.028157
-36.460964	0.791622	0.684671	0.028478
-37.089305	0.790531	0.670916	0.028828
-37.706834	0.789405	0.656929	0.029205
-38.313751	0.788243	0.642733	0.029611
-38.910248	0.787048	0.628348	0.030045
-39.496514	0.785820	0.613797	0.030507
-40.072727	0.784559	0.599102	0.030997
-40.639059	0.783268	0.584289	0.031513
-41.195670	0.781947	0.569380	0.032058
-41.742713	0.780596	0.554402	0.032629
-42.280333	0.779217	0.539379	0.033227
-42.808662	0.777811	0.524337	0.033853
-43.327825	0.776377	0.509302	0.034505
-43.837937	0.774918	0.494298	0.035184
-44.339106	0.773434	0.479351	0.035889
-44.831430	0.771925	0.464486	0.036621
-45.315002	0.770392	0.449727	0.037379
-45.789908	0.768837	0.435099	0.038164
-46.256228	0.767260	0.420625	0.038974
-46.714037	0.765661	0.406328	0.039811
-47.163409	0.764041	0.392228	0.040673
-47.604411	0.762402	0.378346	0.041561
-48.037114	0.760743	0.364702	0.042475
-48.461583	0.759065	0.351315	0.043413
-48.877886	0.757370	0.338199	0.044377
-49.286091	0.755657	0.325372	0.045366
-49.686268	0.753927	0.312847	0.046380
-50.078490	0.752181	0.300637	0.047418
-50.462832	0.750420	0.288752	0.048481
-50.839371	0.748644	0.277202	0.049568
-51.208191	0.746854	0.265995	0.050678
-51.569375	0.745050	0.255138	0.051812
-51.923016	0.743233	0.244634	0.052970
-52.269205	0.741403	0.234488	0.054151
-52.608041	0.739562	0.224701	0.055354
-52.939626	0.737709	0.215273	0.056580
-53.264065	0.735845	0.206205	0.057829
-53.581467	0.733971	0.197493	0.059099
-53.891944	0.732087	0.189134	0.060391
-54.195612	0.730194	0.181125	0.061704
-54.492588	0.728292	0.173459	0.063038
-54.782991	0.726381	0.166130	0.064393
-55.066944	0.724463	0.159131	0.065768
-55.344570	0.722537	0.152455	0.067163
-55.615993	0.720604	0.146092	0.068578
-55.881338	0.718665	0.140034	0.070012
-56.140730	0.716720	0.134271	0.071465
-56.394295	0.714769	0.128794	0.072937
-56.642159	0.712812	0.123592	0.074427
-56.884445	0.710851	0.118654	0.075935
-57.121278	0.708885	0.113971	0.077460
-57.352781	0.706915	0.109532	0.079003
-57.579076	0.704941	0.105327	0.080562
-57.800283	0.702963	0.101344	0.082138
-58.016520	0.700983	0.097574	0.083730
-58.227904	0.698999	0.094006	0.085337
-58.434552	0.697014	0.090631	0.086960
-58.636575	0.695026	0.087439	0.088599
-58.834085	0.693036	0.084420	0.090251
-59.027191	0.691044	0.081565	0.091919
-59.215999	0.689051	0.078866	0.093600
-59.400616	0.687058	0.076313	0.095294
-59.581141	0.685063	0.073899	0.097002
-59.757677	0.683068	0.071616	0.098724
-59.930320	0.681072	0.069456	0.100457
-60.099167	0.679077	0.067412	0.102203
-60.264310	0.677082	0.065478	0.103961
-60.425841	0.675087	0.063646	0.105731
-60.583848	0.673093	0.061911	0.107512
-60.738419	0.671100	0.060266	0.109303
-60.889637	0.669108	0.058707	0.111106
-61.037585	0.667117	0.057228	0.112919
-61.182343	0.665127	0.055825	0.114742
-61.323990	0.663140	0.054492	0.116574
-61.462601	0.661154	0.053226	0.118416
-61.598251	0.659170	0.052022	0.120268
-61.731011	0.657188	0.050877	0.122128
-61.860953	0.655209	0.049786	0.123996
-61.988145	0.653232	0.048748	0.125873
-62.112653	0.651258	0.047758	0.127758
-62.234542	0.649286	0.046814	0.129651
-62.353875	0.647318	0.045913	0.131551
-62.470714	0.645353	0.045052	0.133458
-62.585119	0.643391	0.044229	0.135372
-62.697148	0.641432	0.043442	0.137293
-62.806857	0.639477	0.042689	0.139220
-62.914301	0.637525	0.041968	0.141153
-63.019535	0.635577	0.041277	0.143092
-63.122611	0.633633	0.040614	0.145037
-63.223579	0.631693	0.039979	0.146987
-63.322489	0.629757	0.039368	0.148942
-63.419389	0.627825	0.038781	0.150902
-63.514326	0.625898	0.038218	0.152867
-63.607346	0.623975	0.037675	0.154837
-63.698492	0.622056	0.037153	0.156810
-63.787809	0.620142	0.036651	0.158788
-63.875339	0.618232	0.036167	0.160769
-63.961122	0.616327	0.035700	0.162754
-64.045198	0.614427	0.035250	0.164742
-64.127606	0.612532	0.034816	0.166734
-64.208384	0.610642	0.034396	0.168729
-64.287570	0.608757	0.033991	0.170726
-64.365198	0.606877	0.033600	0.172726
-64.441304	0.605002	0.033222	0.174728
-64.515921	0.603132	0.032856	0.176733
-64.589084	0.601267	0.032502	0.178740
-64.660824	0.599408	0.032159	0.180748
-64.731172	0.597554	0.031828	0.182758
-64.800160	0.595706	0.031506	0.184770
-64.867818	0.593863	0.031195	0.186783
-64.934173	0.592026	0.030893	0.188798
-64.999256	0.590195	0.030601	0.190813
-65.063093	0.588369	0.030317	0.192829
-65.125711	0.586548	0.030041	0.194846
-65.187137	0.584734	0.029774	0.196864
-65.247396	0.582925	0.029515	0.198882
-65.306514	0.581122	0.029263	0.200900
-65.364514	0.579325	0.029018	0.202918
-65.421420	0.577534	0.028780	0.204937
-65.477256	0.575749	0.028549	0.206955
-65.532044	0.573970	0.028324	0.208973
-65.585806	0.572196	0.028106	0.210990
-65.638563	0.570429	0.027893	0.213007
-65.690337	0.568668	0.027686	0.215024
-65.741148	0.566913	0.027485	0.217039
-65.791015	0.565164	0.027289	0.219054
-65.839959	0.563421	0.027098	0.221068
-65.887997	0.561685	0.026913	0.223080
-65.935150	0.559954	0.026732	0.225091
-65.981434	0.558230	0.026555	0.227101
-66.026868	0.556512	0.026384	0.229110
-66.071468	0.554800	0.026216	0.231117
-66.115252	0.553094	0.026053	0.233122
-66.158235	0.551395	0.025894	0.235125
-66.200435	0.549702	0.025739	0.237127
-66.241866	0.548015	0.025588	0.239127
-66.282543	0.546335	0.025441	0.241124
-66.322483	0.544660	0.025297	0.243120
-66.361698	0.542993	0.025156	0.245113
-66.400204	0.541331	0.025019	0.247104
-66.438015	0.539676	0.024886	0.249092
-66.475143	0.538027	0.024755	0.251078
-66.511603	0.536385	0.024628	0.253061
-66.547406	0.534749	0.024503	0.255042
-66.582567	0.533119	0.024382	0.257020
-66.617096	0.531496	0.024263	0.258995
-66.651007	0.529879	0.024147	0.260967
-66.684311	0.528269	0.024034	0.262936
-66.717020	0.526665	0.023923	0.264902
-66.749144	0.525067	0.023815	0.266865
-66.780696	0.523476	0.023709	0.268825
-66.811685	0.521891	0.023606	0.270782
-66.842122	0.520313	0.023505	0.272735
-66.872018	0.518741	0.023406	0.274685
-66.901383	0.517175	0.023310	0.276631
-66.930227	0.515616	0.023215	0.278574
-66.958558	0.514063	0.023123	0.280514
-66.986388	0.512516	0.023033	0.282450
-67.013724	0.510976	0.022944	0.284382
-67.040576	0.509442	0.022858	0.286310
-67.066953	0.507915	0.022773	0.288235
-67.092864	0.506394	0.022691	0.290156
-67.118316	0.504880	0.022610	0.292073
-67.143319	0.503371	0.022531	0.293986
-67.167879	0.501870	0.022453	0.295895
-67.192006	0.500374	0.022377	0.297800
-67.215707	0.498885	0.022303	0.299701
-67.238990	0.497402	0.022230	0.301598
-67.261862	0.495925	0.022159	0.303491
-67.284329	0.494455	0.022089	0.305379
-67.306401	0.492991	0.022021	0.307264
-67.328082	0.491534	0.021954	0.309144
-67.349381	0.490082	0.021889	0.311020
-67.370304	0.488637	0.021825	0.312891
-67.390858	0.487199	0.021762	0.314758
-67.411048	0.485766	0.021701	0.316621
-67.430882	0.484340	0.021641	0.318479
-67.450365	0.482920	0.021582	0.320333
-67.469503	0.481506	0.021524	0.322182
-67.488303	0.480099	0.021468	0.324027
-67.506770	0.478697	0.021412	0.325867
-67.524909	0.477302	0.021358	0.327702
-67.542727	0.475913	0.021305	0.329533
-67.560229	0.474530	0.021253	0.331360
-67.577420	0.473153	0.021202	0.333181
-67.594306	0.471783	0.021152	0.334998
-67.610891	0.470418	0.021103	0.336810
-67.627181	0.469060	0.021055	0.338617
-67.643180	0.467708	0.021008	0.340420
-67.658893	0.466362	0.020962	0.342218
-67.674326	0.465021	0.020916	0.344011
-67.689482	0.463687	0.020872	0.345799
-67.704367	0.462359	0.020829	0.347582
-67.718984	0.461037	0.020786	0.349361
-67.733339	0.459721	0.020744	0.351134
-67.747435	0.458411	0.020704	0.352903
-67.761276	0.457107	0.020664	0.354666
-67.774868	0.455809	0.020624	0.356425
-67.788213	0.454517	0.020586	0.358179
-67.801316	0.453231	0.020548	0.359927
-67.814181	0.451950	0.020511	0.361671
-67.826812	0.450676	0.020475	0.363410
-67.839212	0.449407	0.020440	0.365144
-67.851385	0.448145	0.020405	0.366872
-67.863334	0.446888	0.020371	0.368596
-67.875064	0.445637	0.020337	0.370315
-67.886578	0.444392	0.020305	0.372028
-67.897878	0.443152	0.020272	0.373737
-67.908969	0.441918	0.020241	0.375440
-67.919854	0.440690	0.020210	0.377138
-67.930536	0.439468	0.020180	0.378831
-67.941018	0.438252	0.020150	0.380519
-67.951303	0.437041	0.020121	0.382202
-67.961395	0.435836	0.020093	0.383880
-67.971296	0.434636	0.020065	0.385553
-67.981009	0.433443	0.020038	0.387220
-67.990538	0.432254	0.020011	0.388882
-67.999885	0.431072	0.019985	0.390540
-68.009052	0.429895	0.019959	0.392192
-68.018043	0.428724	0.019934	0.393839
-68.026860	0.427558	0.019909	0.395480
-68.035507	0.426397	0.019885	0.397117
-68.043984	0.425243	0.019861	0.398748
-68.052296	0.424093	0.019838	0.400374
-68.060445	0.422949	0.019816	0.401995
-68.068432	0.421811	0.019793	0.403611
-68.076261	0.420678	0.019771	0.405222
-68.083934	0.419551	0.019750	0.406827
-68.091453	0.418429	0.019729	0.408428
-68.098821	0.417312	0.019709	0.410023
-68.106039	0.416201	0.019689	0.411613
-68.113111	0.415095	0.019669	0.413197
-68.120037	0.413994	0.019650	0.414777
-68.126821	0.412899	0.019631	0.416351
-68.133464	0.411808	0.019613	0.417920
-68.139968	0.410724	0.019595	0.419484
-68.146337	0.409644	0.019577	0.421043
-68.152570	0.408570	0.019560	0.422597
-68.158671	0.407501	0.019543	0.424145
-68.164642	0.406437	0.019526	0.425688
-68.170483	0.405378	0.019510	0.427227
-68.176198	0.404324	0.019494	0.428760
-68.181788	0.403276	0.019479	0.430287
-68.187255	0.402233	0.019464	0.431810
-68.192600	0.401194	0.019449	0.433327
-68.197826	0.400161	0.019435	0.434840
-68.202934	0.399133	0.019420	0.436347
-68.207925	0.398110	0.019407	0.437849
-68.212802	0.397092	0.019393	0.439346
-68.217566	0.396079	0.019380	0.440837
-68.222218	0.395071	0.019367	0.442324
-68.226761	0.394068	0.019354	0.443805
-68.231195	0.393070	0.019342	0.445282
-68.235523	0.392077	0.019330	0.446753
-68.239745	0.391088	0.019318	0.448219
-68.243864	0.390105	0.019307	0.449680
-68.247880	0.389126	0.019296	0.451136
-68.251796	0.388153	0.019285	0.452587
-68.255612	0.387184	0.019274	0.454033
-68.259330	0.386220	0.019264	0.455473
-68.262952	0.385260	0.019254	0.456909
-68.266478	0.384306	0.019244	0.458339
-68.269910	0.383356	0.019234	0.459765
-68.273249	0.382411	0.019225	0.461185
-68.276497	0.381471	0.019216	0.462601
-68.279655	0.380535	0.019207	0.464011
-68.282724	0.379604	0.019199	0.465416
-68.285705	0.378678	0.019190	0.466817
-68.288599	0.377756	0.019182	0.468212
-68.291408	0.376839	0.019174	0.469603
-68.294133	0.375927	0.019166	0.470988
-68.296775	0.375019	0.019159	0.472368
-68.299335	0.374116	0.019152	0.473744
-68.301815	0.373217	0.019145	0.475114
-68.304214	0.372323	0.019138	0.476480
-68.306535	0.371433	0.019131	0.477840
-68.308778	0.370548	0.019125	0.479196
-68.310945	0.369667	0.019118	0.480546
-68.313036	0.368791	0.019112	0.481892
-68.315053	0.367919	0.019107	0.483233
-68.316996	0.367051	0.019101	0.484569
-68.318866	0.366188	0.019096	0.485900
-68.320665	0.365329	0.019090	0.487226
-68.322394	0.364475	0.019085	0.488548
-68.324053	0.363625	0.019080	0.489864
-68.325643	0.362779	0.019076	0.491176
-68.327165	0.361938	0.019071	0.492483
-68.328620	0.361101	0.019067	0.493785
-68.330009	0.360268	0.019062	0.495082
-68.331333	0.359440	0.019058	0.496374
-68.332592	0.358615	0.019055	0.497662
-68.333788	0.357795	0.019051	0.498945
-68.334922	0.356979	0.019047	0.500223
-68.335993	0.356168	0.019044	0.501496
-68.337003	0.355360	0.019041	0.502765
-68.337953	0.354556	0.019038	0.504029
-68.338844	0.353757	0.019035	0.505288
-68.339676	0.352962	0.019032	0.506542
-68.340450	0.352171	0.019030	0.507792
-68.341166	0.351384	0.019027	0.509037
-68.341827	0.350601	0.019025	0.510277
-68.342431	0.349822	0.019023	0.511513
-68.342980	0.349047	0.019021	0.512744
-68.343475	0.348276	0.019019	0.513970
-68.343917	0.347509	0.019017	0.515192
-68.344305	0.346746	0.019015	0.516409
-68.344641	0.345987	0.019014	0.517622
-68.344926	0.345232	0.019013	0.518829
-68.345159	0.344480	0.019011	0.520033
-68.345343	0.343733	0.019010	0.521232
-68.345476	0.342990	0.019009	0.522426
-68.345560	0.342250	0.019009	0.523615
-68.345596	0.341514	0.019008	0.524800
-68.345585	0.340782	0.019007	0.525981
-68.345526	0.340054	0.019007	0.527157
-68.345420	0.339330	0.019007	0.528329
-68.345268	0.338609	0.019006	0.529496
-68.345071	0.337892	0.019006	0.530658
-68.344829	0.337179	0.019006	0.531817
-68.344542	0.336470	0.019006	0.532970
-68.344212	0.335764	0.019007	0.534119
-68.343838	0.335062	0.019007	0.535264
-68.343422	0.334364	0.019007	0.536405
-68.342964	0.333670	0.019008	0.537541
-68.342464	0.332979	0.019009	0.538672
-68.341922	0.332291	0.019010	0.539800
-68.341340	0.331608	0.019010	0.540922
-68.340718	0.330928	0.019011	0.542041
-68.340057	0.330251	0.019012	0.543155
-68.339356	0.329578	0.019014	0.544265
-68.338616	0.328909	0.019015	0.545371
-68.337838	0.328243	0.019016	0.546472
-68.337023	0.327580	0.019018	0.547569
-68.336170	0.326921	0.019019	0.548661
-68.335280	0.326266	0.019021	0.549750
-68.334354	0.325614	0.019023	0.550834
-68.333392	0.324966	0.019025	0.551914
-68.332394	0.324321	0.019027	0.552990
-68.331362	0.323679	0.019029	0.554061
-68.330295	0.323041	0.019031	0.555128
-68.329193	0.322406	0.019033	0.556192
-68.328058	0.321774	0.019036	0.557250
-68.326889	0.321146	0.019038	0.558305
-68.325687	0.320521	0.019040	0.559356
-68.324453	0.319900	0.019043	0.560402
-68.323186	0.319282	0.019046	0.561445
-68.321888	0.318667	0.019048	0.562483
-68.320558	0.318055	0.019051	0.563517
-68.319197	0.317447	0.019054	0.564547
-68.317805	0.316842	0.019057	0.565573
-68.316383	0.316240	0.019060	0.566595
-68.314931	0.315642	0.019063	0.567613
-68.313450	0.315046	0.019066	0.568627
-68.311939	0.314454	0.019070	0.569636
-68.310399	0.313865	0.019073	0.570642
-68.308831	0.313279	0.019077	0.571644
-68.307234	0.312697	0.019080	0.572642
-68.305609	0.312117	0.019084	0.573636
-68.303957	0.311541	0.019087	0.574626
-68.302278	0.310967	0.019091	0.575612
-68.300571	0.310397	0.019095	0.576594
-68.298838	0.309830	0.019099	0.577572
-68.297079	0.309266	0.019103	0.578546
-68.295294	0.308705	0.019107	0.579516
-68.293483	0.308146	0.019111	0.580482
-68.291646	0.307591	0.019115	0.581445
-68.289785	0.307039	0.019119	0.582404
-68.287898	0.306490	0.019123	0.583358
-68.285988	0.305944	0.019128	0.584309
-68.284053	0.305401	0.019132	0.585256
-68.282094	0.304861	0.019136	0.586200
-68.280111	0.304324	0.019141	0.587139
-68.278105	0.303790	0.019145	0.588075
-68.276076	0.303258	0.019150	0.589007
-68.274024	0.302730	0.019155	0.589935
-68.271949	0.302204	0.019160	0.590860
-68.269852	0.301681	0.019164	0.591780
-68.267733	0.301161	0.019169	0.592697
-68.265592	0.300644	0.019174	0.593611
-68.263430	0.300130	0.019179	0.594520
-68.261246	0.299619	0.019184	0.595426
-68.259041	0.299110	0.019189	0.596328
-68.256815	0.298604	0.019194	0.597227
-68.254569	0.298101	0.019200	0.598122
-68.252302	0.297601	0.019205	0.599013
-68.250016	0.297103	0.019210	0.599901
-68.247709	0.296608	0.019216	0.600785
-68.245383	0.296116	0.019221	0.601665
-68.243037	0.295627	0.019226	0.602542
-68.240672	0.295140	0.019232	0.603415
-68.238288	0.294656	0.019238	0.604285
-68.235886	0.294175	0.019243	0.605151
-68.233464	0.293696	0.019249	0.606014
-68.231025	0.293220	0.019255	0.606873
-68.228567	0.292747	0.019260	0.607728
-68.226091	0.292276	0.019266	0.608580
-68.223598	0.291808	0.019272	0.609429
-68.221087	0.291342	0.019278	0.610274
-68.218559	0.290879	0.019284	0.611116
-68.216013	0.290419	0.019290	0.611954
-68.213451	0.289961	0.019296	0.612789
-68.210872	0.289505	0.019302	0.613620
-68.208276	0.289053	0.019308	0.614448
-68.205664	0.288602	0.019314	0.615272
-68.203036	0.288154	0.019321	0.616093
-68.200392	0.287709	0.019327	0.616911
-68.197732	0.287266	0.019333	0.617725
-68.195056	0.286826	0.019339	0.618536
-68.192365	0.286388	0.019346	0.619344
-68.189658	0.285953	0.019352	0.620148
-68.186937	0.285520	0.019359	0.620949
-68.184200	0.285089	0.019365	0.621746
-68.181449	0.284661	0.019372	0.622541
-68.178683	0.284235	0.019378	0.623332
-68.175903	0.283812	0.019385	0.624119
-68.173108	0.283391	0.019392	0.624904
-68.170299	0.282972	0.019398	0.625685
-68.167476	0.282556	0.019405	0.626463
-68.164640	0.282142	0.019412	0.627238
-68.161790	0.281731	0.019419	0.628009
-68.158926	0.281322	0.019426	0.628777
-68.156049	0.280915	0.019433	0.629543
-68.153158	0.280510	0.019440	0.630304
-68.150255	0.280108	0.019447	0.631063
-68.147339	0.279708	0.019454	0.631819
-68.144410	0.279310	0.019461	0.632571
-68.141468	0.278914	0.019468	0.633320
-68.138514	0.278521	0.019475	0.634066
-68.135548	0.278130	0.019482	0.634809
-68.132569	0.277741	0.019489	0.635549
-68.129578	0.277355	0.019496	0.636286
-68.126576	0.276970	0.019504	0.637019
-68.123561	0.276588	0.019511	0.637750
-68.120535	0.276208	0.019518	0.638478
-68.117497	0.275830	0.019526	0.639202
-68.114448	0.275454	0.019533	0.639923
-68.111388	0.275081	0.019540	0.640642
-68.108316	0.274709	0.019548	0.641357
-68.105234	0.274340	0.019555	0.642069
-68.102141	0.273973	0.019563	0.642779
-68.099036	0.273608	0.019570	0.643485
-68.095921	0.273245	0.019578	0.644188
-68.092796	0.272884	0.019586	0.644889
-68.089660	0.272525	0.019593	0.645586
-68.086514	0.272169	0.019601	0.646281
-68.083358	0.271814	0.019609	0.646972
-68.080191	0.271461	0.019616	0.647661
-68.077015	0.271111	0.019624	0.648346
-68.073829	0.270762	0.019632	0.649029
-68.070633	0.270416	0.019640	0.649709
-68.067427	0.270071	0.019647	0.650386
-68.064212	0.269729	0.019655	0.651060
-68.060988	0.269388	0.019663	0.651731
-68.057754	0.269050	0.019671	0.652400
-68.054511	0.268713	0.019679	0.653065
-68.051259	0.268379	0.019687	0.653728
-68.047997	0.268046	0.019695	0.654388
-68.044727	0.267715	0.019703	0.655045
-68.041448	0.267386	0.019711	0.655699
-68.038161	0.267059	0.019719	0.656351
-68.034865	0.266734	0.019727	0.656999
-68.031560	0.266411	0.019736	0.657645
-68.028247	0.266090	0.019744	0.658288
-68.024926	0.265771	0.019752	0.658929
-68.021596	0.265454	0.019760	0.659567
-68.018258	0.265138	0.019768	0.660201
-68.014912	0.264824	0.019777	0.660834
-68.011559	0.264513	0.019785	0.661463
-68.008197	0.264203	0.019793	0.662090
-68.004828	0.263894	0.019801	0.662714
-68.001451	0.263588	0.019810	0.663335
-67.998066	0.263284	0.019818	0.663954
-67.994674	0.262981	0.019827	0.664570
-67.991274	0.262680	0.019835	0.665183
-67.987867	0.262381	0.019843	0.665794
-67.984453	0.262083	0.019852	0.666402
-67.981032	0.261788	0.019860	0.667008
-67.977603	0.261494	0.019869	0.667611
-67.974168	0.261202	0.019877	0.668211
-67.970725	0.260911	0.019886	0.668809
-67.967276	0.260623	0.019895	0.669404
-67.963820	0.260336	0.019903	0.669996
-67.960357	0.260051	0.019912	0.670586
-67.956888	0.259767	0.019921	0.671174
-67.953412	0.259486	0.019929	0.671758
-67.949930	0.259206	0.019938	0.672341
-67.946441	0.258927	0.019947	0.672920
-67.942946	0.258650	0.019955	0.673498
-67.939445	0.258375	0.019964	0.674072
-67.935937	0.258102	0.019973	0.674645
-67.932424	0.257830	0.019982	0.675214
-67.928904	0.257560	0.019990	0.675781
-67.925378	0.257292	0.019999	0.676346
-67.921847	0.257025	0.020008	0.676909
-67.918310	0.256760	0.020017	0.677468
-67.914766	0.256496	0.020026	0.678026
-67.911218	0.256234	0.020035	0.678581
-67.907663	0.255974	0.020044	0.679133
-67.904103	0.255715	0.020053	0.679683
-67.900538	0.255458	0.020062	0.680231
-67.896967	0.255202	0.020071	0.680776
-67.893391	0.254948	0.020080	0.681319
-67.889809	0.254695	0.020089	0.681860
-67.886223	0.254444	0.020098	0.682398
-67.882631	0.254195	0.020107	0.682934
-67.879034	0.253947	0.020116	0.683467
-67.875431	0.253700	0.020125	0.683998
-67.871824	0.253455	0.020134	0.684527
-67.868212	0.253212	0.020143	0.685053
-67.864595	0.252970	0.020152	0.685577
-67.860974	0.252730	0.020161	0.686099
-67.857347	0.252491	0.020170	0.686618
-67.853716	0.252253	0.020180	0.687135
-67.850080	0.252017	0.020189	0.687650
-67.846440	0.251783	0.020198	0.688163
-67.842795	0.251550	0.020207	0.688673
-67.839145	0.251318	0.020217	0.689181
-67.835491	0.251088	0.020226	0.689687
-67.831833	0.250859	0.020235	0.690190
-67.828170	0.250632	0.020244	0.690692
-67.824504	0.250406	0.020254	0.691191
-67.820833	0.250182	0.020263	0.691687
-67.817157	0.249959	0.020272	0.692182
-67.813478	0.249737	0.020282	0.692674
-67.809795	0.249517	0.020291	0.693165
-67.806107	0.249298	0.020301	0.693653
-67.802416	0.249081	0.020310	0.694139
-67.798721	0.248865	0.020319	0.694622
-67.795021	0.248650	0.020329	0.695104
-67.791319	0.248436	0.020338	0.695583
-67.787612	0.248224	0.020348	0.696060
-67.783901	0.248014	0.020357	0.696535
-67.780187	0.247804	0.020367	0.697008
-67.776470	0.247596	0.020376	0.697479
-67.772748	0.247390	0.020386	0.697948
-67.769024	0.247184	0.020395	0.698414
-67.765295	0.246980	0.020405	0.698879
-67.761564	0.246778	0.020414	0.699341
-67.757829	0.246576	0.020424	0.699801
-67.754090	0.246376	0.020434	0.700259
-67.750348	0.246177	0.020443	0.700716
-67.746603	0.245980	0.020453	0.701170
-67.742855	0.245783	0.020462	0.701622
-67.739104	0.245588	0.020472	0.702072
-67.735349	0.245395	0.020482	0.702520
-67.731591	0.245202	0.020491	0.702965
-67.727831	0.245011	0.020501	0.703409
-67.724067	0.244821	0.020511	0.703851
-67.720300	0.244632	0.020521	0.704291
-67.716531	0.244444	0.020530	0.704729
-67.712758	0.244258	0.020540	0.705165
-67.708983	0.244073	0.020550	0.705599
-67.705205	0.243889	0.020559	0.706031
-67.701424	0.243706	0.020569	0.706460
-67.697640	0.243525	0.020579	0.706888
-67.693854	0.243344	0.020589	0.707314
-67.690065	0.243165	0.020599	0.707738
-67.686273	0.242987	0.020608	0.708161
-67.682479	0.242811	0.020618	0.708581
-67.678682	0.242635	0.020628	0.708999
-67.674883	0.242461	0.020638	0.709415
-67.671081	0.242287	0.020648	0.709830
-67.667277	0.242115	0.020658	0.710242
-67.663470	0.241944	0.020668	0.710653
-67.659661	0.241774	0.020677	0.711062
-67.655850	0.241606	0.020687	0.711468
-67.652036	0.241438	0.020697	0.711873
-67.648220	0.241272	0.020707	0.712276
-67.644402	0.241106	0.020717	0.712678
-67.640582	0.240942	0.020727	0.713077
-67.636759	0.240779	0.020737	0.713475
-67.632935	0.240617	0.020747	0.713870
-67.629108	0.240456	0.020757	0.714264
-67.625279	0.240296	0.020767	0.714656
-67.621448	0.240137	0.020777	0.715046
-67.617616	0.239980	0.020787	0.715435
-67.613781	0.239823	0.020797	0.715821
-67.609944	0.239668	0.020807	0.716206
-67.606106	0.239513	0.020817	0.716589
-67.602265	0.239360	0.020827	0.716970
-67.598423	0.239207	0.020837	0.717350
-67.594579	0.239056	0.020847	0.717727
-67.590733	0.238906	0.020857	0.718103
-67.586885	0.238757	0.020868	0.718477
-67.583036	0.238608	0.020878	0.718850
-67.579185	0.238461	0.020888	0.719220
-67.575332	0.238315	0.020898	0.719589
-67.571477	0.238170	0.020908	0.719956
-67.567621	0.238026	0.020918	0.720322
-67.563764	0.237883	0.020928	0.720685
-67.559905	0.237741	0.020938	0.721047
-67.556044	0.237599	0.020949	0.721408
-67.552182	0.237459	0.020959	0.721766
-67.548318	0.237320	0.020969	0.722123
-67.544453	0.237182	0.020979	0.722478
-67.540586	0.237045	0.020989	0.722832
-67.536719	0.236909	0.021000	0.723184
-67.532849	0.236773	0.021010	0.723534
-67.528979	0.236639	0.021020	0.723882
-67.525107	0.236506	0.021030	0.724229
-67.521233	0.236373	0.021041	0.724574
-67.517359	0.236242	0.021051	0.724918
-67.513483	0.236111	0.021061	0.725260
-67.509606	0.235982	0.021071	0.725600
-67.505728	0.235853	0.021082	0.725939
-67.501849	0.235725	0.021092	0.726276
-67.497969	0.235599	0.021102	0.726611
-67.494087	0.235473	0.021112	0.726945
-67.490204	0.235348	0.021123	0.727277
-67.486321	0.235224	0.021133	0.727608
-67.482436	0.235101	0.021143	0.727937
-67.478550	0.234978	0.021154	0.728264
-67.474664	0.234857	0.021164	0.728590
-67.470776	0.234736	0.021174	0.728915
-67.466887	0.234617	0.021185	0.729237
-67.462998	0.234498	0.021195	0.729559
-67.459107	0.234380	0.021206	0.729878
-67.455216	0.234263	0.021216	0.730196
-67.451324	0.234147	0.021226	0.730513
-67.447431	0.234032	0.021237	0.730828
-67.443537	0.233918	0.021247	0.731141
-67.439642	0.233804	0.021258	0.731453
-67.435747	0.233692	0.021268	0.731764
-67.431851	0.233580	0.021278	0.732073
-67.427954	0.233469	0.021289	0.732380
-67.424056	0.233359	0.021299	0.732686
-67.420158	0.233249	0.021310	0.732990
-67.416259	0.233141	0.021320	0.733293
-67.412359	0.233033	0.021331	0.733595
-67.408459	0.232926	0.021341	0.733895
-67.404558	0.232820	0.021352	0.734193
-67.400657	0.232715	0.021362	0.734490
-67.396755	0.232611	0.021373	0.734786
-67.392852	0.232507	0.021383	0.735080
-67.388949	0.232404	0.021394	0.735373
-67.385046	0.232302	0.021404	0.735664
-67.381142	0.232201	0.021415	0.735954
-67.377237	0.232101	0.021425	0.736242
-67.373332	0.232001	0.021436	0.736529
-67.369427	0.231902	0.021446	0.736815
-67.365521	0.231804	0.021457	0.737099
-67.361615	0.231707	0.021467	0.737381
-67.357708	0.231610	0.021478	0.737663
-67.353801	0.231515	0.021488	0.737942
-67.349894	0.231420	0.021499	0.738221
-67.345986	0.231325	0.021509	0.738498
-67.342078	0.231232	0.021520	0.738774
-67.338170	0.231139	0.021531	0.739048
-67.334262	0.231047	0.021541	0.739321
-67.330353	0.230956	0.021552	0.739593
-67.326444	0.230865	0.021562	0.739863
-67.322535	0.230775	0.021573	0.740132
-67.318626	0.230686	0.021584	0.740399
-67.314716	0.230598	0.021594	0.740665
-67.310806	0.230510	0.021605	0.740930
-67.306897	0.230424	0.021615	0.741194
-67.302987	0.230337	0.021626	0.741456
-67.299077	0.230252	0.021637	0.741716
-67.295166	0.230167	0.021647	0.741976
-67.291256	0.230083	0.021658	0.742234
-67.287346	0.230000	0.021669	0.742491
-67.283435	0.229917	0.021679	0.742747
-67.279525	0.229835	0.021690	0.743001
-67.275615	0.229754	0.021701	0.743254
-67.271704	0.229673	0.021711	0.743505
-67.267794	0.229593	0.021722	0.743756
-67.263883	0.229514	0.021733	0.744005
-67.259973	0.229435	0.021743	0.744253
-67.256063	0.229357	0.021754	0.744499
-67.252152	0.229280	0.021765	0.744744
-67.248242	0.229203	0.021775	0.744988
-67.244332	0.229128	0.021786	0.745231
-67.240422	0.229052	0.021797	0.745473
